{"D:\\REPO\\records_w_aws_free\\frontend\\src\\App.tsx": {"path":"D:\\REPO\\records_w_aws_free\\frontend\\src\\App.tsx","all":false,"statementMap":{"0":{"start":{"line":1,"column":0},"end":{"line":1,"column":62}},"1":{"start":{"line":2,"column":0},"end":{"line":2,"column":84}},"2":{"start":{"line":3,"column":0},"end":{"line":3,"column":33}},"3":{"start":{"line":4,"column":0},"end":{"line":4,"column":50}},"4":{"start":{"line":5,"column":0},"end":{"line":5,"column":33}},"7":{"start":{"line":8,"column":0},"end":{"line":8,"column":38}},"8":{"start":{"line":9,"column":0},"end":{"line":9,"column":48}},"9":{"start":{"line":10,"column":0},"end":{"line":10,"column":44}},"10":{"start":{"line":11,"column":0},"end":{"line":11,"column":44}},"11":{"start":{"line":12,"column":0},"end":{"line":12,"column":34}},"12":{"start":{"line":13,"column":0},"end":{"line":13,"column":40}},"13":{"start":{"line":14,"column":0},"end":{"line":14,"column":34}},"14":{"start":{"line":15,"column":0},"end":{"line":15,"column":42}},"16":{"start":{"line":17,"column":0},"end":{"line":17,"column":29}},"17":{"start":{"line":18,"column":0},"end":{"line":18,"column":56}},"19":{"start":{"line":20,"column":0},"end":{"line":20,"column":21}},"20":{"start":{"line":21,"column":0},"end":{"line":21,"column":52}},"21":{"start":{"line":22,"column":0},"end":{"line":22,"column":31}},"22":{"start":{"line":23,"column":0},"end":{"line":23,"column":11}},"24":{"start":{"line":25,"column":0},"end":{"line":25,"column":32}},"25":{"start":{"line":26,"column":0},"end":{"line":26,"column":41}},"26":{"start":{"line":27,"column":0},"end":{"line":27,"column":29}},"27":{"start":{"line":28,"column":0},"end":{"line":28,"column":6}},"29":{"start":{"line":30,"column":0},"end":{"line":30,"column":69}},"30":{"start":{"line":31,"column":0},"end":{"line":31,"column":64}},"31":{"start":{"line":32,"column":0},"end":{"line":32,"column":6}},"33":{"start":{"line":34,"column":0},"end":{"line":34,"column":67}},"34":{"start":{"line":35,"column":0},"end":{"line":35,"column":57}},"35":{"start":{"line":36,"column":0},"end":{"line":36,"column":51}},"36":{"start":{"line":37,"column":0},"end":{"line":37,"column":24}},"37":{"start":{"line":38,"column":0},"end":{"line":38,"column":6}},"39":{"start":{"line":40,"column":0},"end":{"line":40,"column":12}},"40":{"start":{"line":41,"column":0},"end":{"line":41,"column":16}},"41":{"start":{"line":42,"column":0},"end":{"line":42,"column":99}},"42":{"start":{"line":43,"column":0},"end":{"line":43,"column":38}},"43":{"start":{"line":44,"column":0},"end":{"line":44,"column":79}},"45":{"start":{"line":46,"column":0},"end":{"line":46,"column":58}},"46":{"start":{"line":47,"column":0},"end":{"line":47,"column":32}},"47":{"start":{"line":48,"column":0},"end":{"line":48,"column":68}},"48":{"start":{"line":49,"column":0},"end":{"line":49,"column":101}},"49":{"start":{"line":50,"column":0},"end":{"line":50,"column":77}},"50":{"start":{"line":51,"column":0},"end":{"line":51,"column":34}},"51":{"start":{"line":52,"column":0},"end":{"line":52,"column":52}},"52":{"start":{"line":53,"column":0},"end":{"line":53,"column":41}},"53":{"start":{"line":54,"column":0},"end":{"line":54,"column":50}},"54":{"start":{"line":55,"column":0},"end":{"line":55,"column":56}},"55":{"start":{"line":56,"column":0},"end":{"line":56,"column":51}},"57":{"start":{"line":58,"column":0},"end":{"line":58,"column":30}},"58":{"start":{"line":59,"column":0},"end":{"line":59,"column":34}},"59":{"start":{"line":60,"column":0},"end":{"line":60,"column":50}},"60":{"start":{"line":61,"column":0},"end":{"line":61,"column":41}},"61":{"start":{"line":62,"column":0},"end":{"line":62,"column":48}},"62":{"start":{"line":63,"column":0},"end":{"line":63,"column":54}},"63":{"start":{"line":64,"column":0},"end":{"line":64,"column":49}},"65":{"start":{"line":66,"column":0},"end":{"line":66,"column":30}},"66":{"start":{"line":67,"column":0},"end":{"line":67,"column":34}},"67":{"start":{"line":68,"column":0},"end":{"line":68,"column":59}},"68":{"start":{"line":69,"column":0},"end":{"line":69,"column":41}},"69":{"start":{"line":70,"column":0},"end":{"line":70,"column":50}},"70":{"start":{"line":71,"column":0},"end":{"line":71,"column":54}},"71":{"start":{"line":72,"column":0},"end":{"line":72,"column":51}},"73":{"start":{"line":74,"column":0},"end":{"line":74,"column":30}},"74":{"start":{"line":75,"column":0},"end":{"line":75,"column":34}},"75":{"start":{"line":76,"column":0},"end":{"line":76,"column":45}},"76":{"start":{"line":77,"column":0},"end":{"line":77,"column":41}},"77":{"start":{"line":78,"column":0},"end":{"line":78,"column":48}},"78":{"start":{"line":79,"column":0},"end":{"line":79,"column":49}},"79":{"start":{"line":80,"column":0},"end":{"line":80,"column":49}},"81":{"start":{"line":82,"column":0},"end":{"line":82,"column":30}},"82":{"start":{"line":83,"column":0},"end":{"line":83,"column":34}},"83":{"start":{"line":84,"column":0},"end":{"line":84,"column":49}},"84":{"start":{"line":85,"column":0},"end":{"line":85,"column":41}},"85":{"start":{"line":86,"column":0},"end":{"line":86,"column":48}},"86":{"start":{"line":87,"column":0},"end":{"line":87,"column":53}},"87":{"start":{"line":88,"column":0},"end":{"line":88,"column":49}},"89":{"start":{"line":90,"column":0},"end":{"line":90,"column":30}},"90":{"start":{"line":91,"column":0},"end":{"line":91,"column":33}},"91":{"start":{"line":92,"column":0},"end":{"line":92,"column":27}},"92":{"start":{"line":93,"column":0},"end":{"line":93,"column":22}},"93":{"start":{"line":94,"column":0},"end":{"line":94,"column":18}},"94":{"start":{"line":95,"column":0},"end":{"line":95,"column":44}},"95":{"start":{"line":96,"column":0},"end":{"line":96,"column":17}},"97":{"start":{"line":98,"column":0},"end":{"line":98,"column":2}},"99":{"start":{"line":100,"column":0},"end":{"line":100,"column":19}}},"s":{"0":1,"1":1,"2":1,"3":1,"4":1,"7":1,"8":1,"9":1,"10":1,"11":1,"12":1,"13":1,"14":1,"16":1,"17":1,"19":1,"20":1,"21":1,"22":1,"24":1,"25":0,"26":0,"27":0,"29":1,"30":0,"31":0,"33":1,"34":0,"35":0,"36":0,"37":0,"39":1,"40":1,"41":1,"42":1,"43":1,"45":1,"46":1,"47":1,"48":1,"49":1,"50":1,"51":1,"52":1,"53":1,"54":1,"55":1,"57":1,"58":1,"59":1,"60":1,"61":1,"62":1,"63":1,"65":1,"66":1,"67":1,"68":1,"69":1,"70":1,"71":1,"73":1,"74":1,"75":1,"76":1,"77":1,"78":1,"79":1,"81":1,"82":1,"83":1,"84":1,"85":1,"86":1,"87":1,"89":1,"90":1,"91":1,"92":1,"93":1,"94":1,"95":1,"97":1,"99":1},"branchMap":{"0":{"type":"branch","line":17,"loc":{"start":{"line":17,"column":22},"end":{"line":98,"column":2}},"locations":[{"start":{"line":17,"column":22},"end":{"line":98,"column":2}}]},"1":{"type":"branch","line":20,"loc":{"start":{"line":20,"column":14},"end":{"line":23,"column":7}},"locations":[{"start":{"line":20,"column":14},"end":{"line":23,"column":7}}]}},"b":{"0":[1],"1":[1]},"fnMap":{"0":{"name":"App","decl":{"start":{"line":17,"column":22},"end":{"line":98,"column":2}},"loc":{"start":{"line":17,"column":22},"end":{"line":98,"column":2}},"line":17},"1":{"name":"handleLogout","decl":{"start":{"line":25,"column":25},"end":{"line":28,"column":6}},"loc":{"start":{"line":25,"column":25},"end":{"line":28,"column":6}},"line":25},"2":{"name":"PrivateRoute","decl":{"start":{"line":30,"column":25},"end":{"line":32,"column":6}},"loc":{"start":{"line":30,"column":25},"end":{"line":32,"column":6}},"line":30},"3":{"name":"AdminRoute","decl":{"start":{"line":34,"column":23},"end":{"line":38,"column":6}},"loc":{"start":{"line":34,"column":23},"end":{"line":38,"column":6}},"line":34}},"f":{"0":1,"1":0,"2":0,"3":0}}
,"D:\\REPO\\records_w_aws_free\\frontend\\src\\auth.ts": {"path":"D:\\REPO\\records_w_aws_free\\frontend\\src\\auth.ts","all":false,"statementMap":{"0":{"start":{"line":1,"column":0},"end":{"line":1,"column":23}},"3":{"start":{"line":4,"column":0},"end":{"line":4,"column":52}},"6":{"start":{"line":7,"column":0},"end":{"line":7,"column":32}},"7":{"start":{"line":8,"column":0},"end":{"line":8,"column":24}},"8":{"start":{"line":9,"column":0},"end":{"line":9,"column":3}},"11":{"start":{"line":12,"column":0},"end":{"line":12,"column":52}},"12":{"start":{"line":13,"column":0},"end":{"line":13,"column":9}},"13":{"start":{"line":14,"column":0},"end":{"line":14,"column":72}},"14":{"start":{"line":15,"column":0},"end":{"line":15,"column":33}},"15":{"start":{"line":16,"column":0},"end":{"line":16,"column":25}},"16":{"start":{"line":17,"column":0},"end":{"line":17,"column":9}},"18":{"start":{"line":19,"column":0},"end":{"line":19,"column":81}},"19":{"start":{"line":20,"column":0},"end":{"line":20,"column":44}},"20":{"start":{"line":21,"column":0},"end":{"line":21,"column":11}},"23":{"start":{"line":24,"column":0},"end":{"line":24,"column":73}},"24":{"start":{"line":25,"column":0},"end":{"line":25,"column":75}},"26":{"start":{"line":27,"column":0},"end":{"line":27,"column":20}},"27":{"start":{"line":28,"column":0},"end":{"line":28,"column":21}},"28":{"start":{"line":29,"column":0},"end":{"line":29,"column":54}},"30":{"start":{"line":31,"column":0},"end":{"line":31,"column":48}},"31":{"start":{"line":32,"column":0},"end":{"line":32,"column":49}},"32":{"start":{"line":33,"column":0},"end":{"line":33,"column":40}},"33":{"start":{"line":34,"column":0},"end":{"line":34,"column":21}},"34":{"start":{"line":35,"column":0},"end":{"line":35,"column":5}},"35":{"start":{"line":36,"column":0},"end":{"line":36,"column":2}},"38":{"start":{"line":39,"column":0},"end":{"line":39,"column":35}},"39":{"start":{"line":40,"column":0},"end":{"line":40,"column":17}},"40":{"start":{"line":41,"column":0},"end":{"line":41,"column":59}},"41":{"start":{"line":42,"column":0},"end":{"line":42,"column":20}},"42":{"start":{"line":43,"column":0},"end":{"line":43,"column":61}},"43":{"start":{"line":44,"column":0},"end":{"line":44,"column":9}},"44":{"start":{"line":45,"column":0},"end":{"line":45,"column":22}},"45":{"start":{"line":46,"column":0},"end":{"line":46,"column":6}},"46":{"start":{"line":47,"column":0},"end":{"line":47,"column":16}},"47":{"start":{"line":48,"column":0},"end":{"line":48,"column":37}},"48":{"start":{"line":49,"column":0},"end":{"line":49,"column":5}},"49":{"start":{"line":50,"column":0},"end":{"line":50,"column":2}},"52":{"start":{"line":53,"column":0},"end":{"line":53,"column":36}},"53":{"start":{"line":54,"column":0},"end":{"line":54,"column":27}},"54":{"start":{"line":55,"column":0},"end":{"line":55,"column":22}},"55":{"start":{"line":56,"column":0},"end":{"line":56,"column":45}},"58":{"start":{"line":59,"column":0},"end":{"line":59,"column":72}},"59":{"start":{"line":60,"column":0},"end":{"line":60,"column":42}},"61":{"start":{"line":62,"column":0},"end":{"line":62,"column":51}},"62":{"start":{"line":63,"column":0},"end":{"line":63,"column":28}},"64":{"start":{"line":65,"column":0},"end":{"line":65,"column":70}},"65":{"start":{"line":66,"column":0},"end":{"line":66,"column":77}},"66":{"start":{"line":67,"column":0},"end":{"line":67,"column":50}},"67":{"start":{"line":68,"column":0},"end":{"line":68,"column":20}},"69":{"start":{"line":70,"column":0},"end":{"line":70,"column":48}},"70":{"start":{"line":71,"column":0},"end":{"line":71,"column":13}},"71":{"start":{"line":72,"column":0},"end":{"line":72,"column":9}},"73":{"start":{"line":74,"column":0},"end":{"line":74,"column":37}},"74":{"start":{"line":75,"column":0},"end":{"line":75,"column":5}},"75":{"start":{"line":76,"column":0},"end":{"line":76,"column":2}},"78":{"start":{"line":79,"column":0},"end":{"line":79,"column":49}},"79":{"start":{"line":80,"column":0},"end":{"line":80,"column":55}},"80":{"start":{"line":81,"column":0},"end":{"line":81,"column":28}},"82":{"start":{"line":83,"column":0},"end":{"line":83,"column":9}},"83":{"start":{"line":84,"column":0},"end":{"line":84,"column":62}},"84":{"start":{"line":85,"column":0},"end":{"line":85,"column":38}},"85":{"start":{"line":86,"column":0},"end":{"line":86,"column":21}},"86":{"start":{"line":87,"column":0},"end":{"line":87,"column":53}},"87":{"start":{"line":88,"column":0},"end":{"line":88,"column":20}},"88":{"start":{"line":89,"column":0},"end":{"line":89,"column":5}},"89":{"start":{"line":90,"column":0},"end":{"line":90,"column":2}},"92":{"start":{"line":93,"column":0},"end":{"line":93,"column":39}},"93":{"start":{"line":94,"column":0},"end":{"line":94,"column":37}},"94":{"start":{"line":95,"column":0},"end":{"line":95,"column":2}},"96":{"start":{"line":97,"column":0},"end":{"line":97,"column":25}}},"s":{"0":1,"3":1,"6":1,"7":1,"8":1,"11":1,"12":0,"13":0,"14":0,"15":0,"16":0,"18":0,"19":0,"20":0,"23":0,"24":0,"26":0,"27":0,"28":0,"30":0,"31":0,"32":0,"33":0,"34":0,"35":0,"38":1,"39":1,"40":0,"41":0,"42":0,"43":0,"44":0,"45":0,"46":1,"47":0,"48":0,"49":1,"52":1,"53":1,"54":1,"55":0,"58":0,"59":0,"61":0,"62":0,"64":0,"65":0,"66":0,"67":0,"69":0,"70":0,"71":0,"73":0,"74":0,"75":1,"78":1,"79":0,"80":0,"82":0,"83":0,"84":0,"85":0,"86":0,"87":0,"88":0,"89":0,"92":1,"93":0,"94":0,"96":1},"branchMap":{},"b":{},"fnMap":{"0":{"name":"refreshToken","decl":{"start":{"line":12,"column":21},"end":{"line":36,"column":2}},"loc":{"start":{"line":12,"column":21},"end":{"line":36,"column":2}},"line":12},"1":{"name":"apiClient.interceptors.response.use.originalRequest","decl":{"start":{"line":54,"column":4},"end":{"line":54,"column":27}},"loc":{"start":{"line":54,"column":4},"end":{"line":54,"column":27}},"line":54},"2":{"name":"getUserRole","decl":{"start":{"line":79,"column":27},"end":{"line":90,"column":2}},"loc":{"start":{"line":79,"column":27},"end":{"line":90,"column":2}},"line":79},"3":{"name":"isAdmin","decl":{"start":{"line":93,"column":23},"end":{"line":95,"column":2}},"loc":{"start":{"line":93,"column":23},"end":{"line":95,"column":2}},"line":93}},"f":{"0":0,"1":0,"2":0,"3":0}}
,"D:\\REPO\\records_w_aws_free\\frontend\\src\\index.js": {"path":"D:\\REPO\\records_w_aws_free\\frontend\\src\\index.js","all":true,"statementMap":{},"s":{},"branchMap":{"0":{"type":"branch","line":1,"loc":{"start":{"line":1,"column":0},"end":{"line":1,"column":0}},"locations":[{"start":{"line":1,"column":0},"end":{"line":1,"column":0}}]}},"b":{"0":[1]},"fnMap":{"0":{"name":"(empty-report)","decl":{"start":{"line":1,"column":0},"end":{"line":1,"column":0}},"loc":{"start":{"line":1,"column":0},"end":{"line":1,"column":0}},"line":1}},"f":{"0":1}}
,"D:\\REPO\\records_w_aws_free\\frontend\\src\\main.tsx": {"path":"D:\\REPO\\records_w_aws_free\\frontend\\src\\main.tsx","all":true,"statementMap":{"0":{"start":{"line":1,"column":0},"end":{"line":1,"column":34}},"1":{"start":{"line":2,"column":0},"end":{"line":2,"column":45}},"2":{"start":{"line":3,"column":0},"end":{"line":3,"column":20}},"3":{"start":{"line":4,"column":0},"end":{"line":4,"column":27}},"5":{"start":{"line":6,"column":0},"end":{"line":6,"column":52}},"6":{"start":{"line":7,"column":0},"end":{"line":7,"column":14}},"7":{"start":{"line":8,"column":0},"end":{"line":8,"column":11}},"8":{"start":{"line":9,"column":0},"end":{"line":9,"column":16}},"9":{"start":{"line":10,"column":0},"end":{"line":10,"column":1}}},"s":{"0":0,"1":0,"2":0,"3":0,"5":0,"6":0,"7":0,"8":0,"9":0},"branchMap":{"0":{"type":"branch","line":1,"loc":{"start":{"line":1,"column":229},"end":{"line":10,"column":1}},"locations":[{"start":{"line":1,"column":229},"end":{"line":10,"column":1}}]}},"b":{"0":[0]},"fnMap":{"0":{"name":"(empty-report)","decl":{"start":{"line":1,"column":229},"end":{"line":10,"column":1}},"loc":{"start":{"line":1,"column":229},"end":{"line":10,"column":1}},"line":1}},"f":{"0":0}}
,"D:\\REPO\\records_w_aws_free\\frontend\\src\\components\\Layout\\sidebar.tsx": {"path":"D:\\REPO\\records_w_aws_free\\frontend\\src\\components\\Layout\\sidebar.tsx","all":false,"statementMap":{"0":{"start":{"line":1,"column":0},"end":{"line":1,"column":26}},"1":{"start":{"line":2,"column":0},"end":{"line":2,"column":53}},"12":{"start":{"line":13,"column":0},"end":{"line":13,"column":22}},"13":{"start":{"line":14,"column":0},"end":{"line":14,"column":28}},"14":{"start":{"line":15,"column":0},"end":{"line":15,"column":37}},"21":{"start":{"line":22,"column":0},"end":{"line":22,"column":71}},"22":{"start":{"line":23,"column":0},"end":{"line":23,"column":35}},"24":{"start":{"line":25,"column":0},"end":{"line":25,"column":66}},"26":{"start":{"line":27,"column":0},"end":{"line":27,"column":29}},"27":{"start":{"line":28,"column":0},"end":{"line":28,"column":70}},"28":{"start":{"line":29,"column":0},"end":{"line":29,"column":26}},"29":{"start":{"line":30,"column":0},"end":{"line":30,"column":94}},"30":{"start":{"line":31,"column":0},"end":{"line":31,"column":99}},"31":{"start":{"line":32,"column":0},"end":{"line":32,"column":29}},"32":{"start":{"line":33,"column":0},"end":{"line":33,"column":114}},"33":{"start":{"line":34,"column":0},"end":{"line":34,"column":113}},"34":{"start":{"line":35,"column":0},"end":{"line":35,"column":104}},"35":{"start":{"line":36,"column":0},"end":{"line":36,"column":20}},"36":{"start":{"line":37,"column":0},"end":{"line":37,"column":15}},"37":{"start":{"line":38,"column":0},"end":{"line":38,"column":6}},"39":{"start":{"line":40,"column":0},"end":{"line":40,"column":29}},"45":{"start":{"line":46,"column":0},"end":{"line":46,"column":70}},"46":{"start":{"line":47,"column":0},"end":{"line":47,"column":13}},"47":{"start":{"line":48,"column":0},"end":{"line":48,"column":21}},"48":{"start":{"line":49,"column":0},"end":{"line":49,"column":29}},"49":{"start":{"line":50,"column":0},"end":{"line":50,"column":28}},"50":{"start":{"line":51,"column":0},"end":{"line":51,"column":91}},"51":{"start":{"line":52,"column":0},"end":{"line":52,"column":70}},"52":{"start":{"line":53,"column":0},"end":{"line":53,"column":79}},"53":{"start":{"line":54,"column":0},"end":{"line":54,"column":14}},"55":{"start":{"line":56,"column":0},"end":{"line":56,"column":30}},"56":{"start":{"line":57,"column":0},"end":{"line":57,"column":56}},"57":{"start":{"line":58,"column":0},"end":{"line":58,"column":24}},"58":{"start":{"line":59,"column":0},"end":{"line":59,"column":89}},"60":{"start":{"line":61,"column":0},"end":{"line":61,"column":15}},"63":{"start":{"line":64,"column":0},"end":{"line":64,"column":12}},"64":{"start":{"line":65,"column":0},"end":{"line":65,"column":135}},"65":{"start":{"line":66,"column":0},"end":{"line":66,"column":33}},"67":{"start":{"line":68,"column":0},"end":{"line":68,"column":62}},"68":{"start":{"line":69,"column":0},"end":{"line":69,"column":115}},"69":{"start":{"line":70,"column":0},"end":{"line":70,"column":63}},"70":{"start":{"line":71,"column":0},"end":{"line":71,"column":26}},"71":{"start":{"line":72,"column":0},"end":{"line":72,"column":25}},"72":{"start":{"line":73,"column":0},"end":{"line":73,"column":138}},"74":{"start":{"line":75,"column":0},"end":{"line":75,"column":29}},"75":{"start":{"line":76,"column":0},"end":{"line":76,"column":88}},"76":{"start":{"line":77,"column":0},"end":{"line":77,"column":26}},"77":{"start":{"line":78,"column":0},"end":{"line":78,"column":22}},"80":{"start":{"line":81,"column":0},"end":{"line":81,"column":43}},"81":{"start":{"line":82,"column":0},"end":{"line":82,"column":52}},"82":{"start":{"line":83,"column":0},"end":{"line":83,"column":32}},"83":{"start":{"line":84,"column":0},"end":{"line":84,"column":43}},"84":{"start":{"line":85,"column":0},"end":{"line":85,"column":44}},"85":{"start":{"line":86,"column":0},"end":{"line":86,"column":44}},"86":{"start":{"line":87,"column":0},"end":{"line":87,"column":46}},"87":{"start":{"line":88,"column":0},"end":{"line":88,"column":58}},"88":{"start":{"line":89,"column":0},"end":{"line":89,"column":26}},"89":{"start":{"line":90,"column":0},"end":{"line":90,"column":23}},"90":{"start":{"line":91,"column":0},"end":{"line":91,"column":22}},"93":{"start":{"line":94,"column":0},"end":{"line":94,"column":69}},"94":{"start":{"line":95,"column":0},"end":{"line":95,"column":35}},"95":{"start":{"line":96,"column":0},"end":{"line":96,"column":31}},"96":{"start":{"line":97,"column":0},"end":{"line":97,"column":46}},"97":{"start":{"line":98,"column":0},"end":{"line":98,"column":202}},"99":{"start":{"line":100,"column":0},"end":{"line":100,"column":48}},"100":{"start":{"line":101,"column":0},"end":{"line":101,"column":72}},"101":{"start":{"line":102,"column":0},"end":{"line":102,"column":33}},"103":{"start":{"line":104,"column":0},"end":{"line":104,"column":29}},"104":{"start":{"line":105,"column":0},"end":{"line":105,"column":39}},"105":{"start":{"line":106,"column":0},"end":{"line":106,"column":44}},"106":{"start":{"line":107,"column":0},"end":{"line":107,"column":107}},"107":{"start":{"line":108,"column":0},"end":{"line":108,"column":71}},"108":{"start":{"line":109,"column":0},"end":{"line":109,"column":30}},"110":{"start":{"line":111,"column":0},"end":{"line":111,"column":47}},"111":{"start":{"line":112,"column":0},"end":{"line":112,"column":71}},"112":{"start":{"line":113,"column":0},"end":{"line":113,"column":31}},"114":{"start":{"line":115,"column":0},"end":{"line":115,"column":22}},"117":{"start":{"line":118,"column":0},"end":{"line":118,"column":38}},"118":{"start":{"line":119,"column":0},"end":{"line":119,"column":79}},"119":{"start":{"line":120,"column":0},"end":{"line":120,"column":22}},"120":{"start":{"line":121,"column":0},"end":{"line":121,"column":18}},"121":{"start":{"line":122,"column":0},"end":{"line":122,"column":16}},"123":{"start":{"line":124,"column":0},"end":{"line":124,"column":2}},"125":{"start":{"line":126,"column":0},"end":{"line":126,"column":23}}},"s":{"0":1,"1":1,"12":1,"13":1,"14":1,"21":1,"22":1,"24":1,"26":1,"27":1,"28":1,"29":0,"30":0,"31":0,"32":0,"33":0,"34":0,"35":0,"36":1,"37":1,"39":1,"45":1,"46":1,"47":1,"48":1,"49":1,"50":1,"51":1,"52":1,"53":1,"55":1,"56":1,"57":1,"58":1,"60":1,"63":1,"64":1,"65":1,"67":1,"68":1,"69":1,"70":1,"71":1,"72":1,"74":1,"75":1,"76":1,"77":1,"80":1,"81":1,"82":1,"83":1,"84":1,"85":1,"86":1,"87":1,"88":1,"89":1,"90":1,"93":1,"94":1,"95":0,"96":0,"97":0,"99":0,"100":0,"101":0,"103":1,"104":1,"105":1,"106":1,"107":1,"108":1,"110":1,"111":1,"112":1,"114":1,"117":1,"118":1,"119":1,"120":1,"121":1,"123":1,"125":1},"branchMap":{"0":{"type":"branch","line":22,"loc":{"start":{"line":22,"column":40},"end":{"line":124,"column":2}},"locations":[{"start":{"line":22,"column":40},"end":{"line":124,"column":2}}]},"1":{"type":"branch","line":29,"loc":{"start":{"line":29,"column":12},"end":{"line":37,"column":12}},"locations":[{"start":{"line":29,"column":12},"end":{"line":37,"column":12}}]},"2":{"type":"branch","line":95,"loc":{"start":{"line":95,"column":21},"end":{"line":102,"column":33}},"locations":[{"start":{"line":95,"column":21},"end":{"line":102,"column":33}}]},"3":{"type":"branch","line":25,"loc":{"start":{"line":25,"column":21},"end":{"line":25,"column":66}},"locations":[{"start":{"line":25,"column":21},"end":{"line":25,"column":66}}]},"4":{"type":"branch","line":46,"loc":{"start":{"line":46,"column":9},"end":{"line":61,"column":15}},"locations":[{"start":{"line":46,"column":9},"end":{"line":61,"column":15}}]},"5":{"type":"branch","line":82,"loc":{"start":{"line":82,"column":41},"end":{"line":89,"column":26}},"locations":[{"start":{"line":82,"column":41},"end":{"line":89,"column":26}}]}},"b":{"0":[1],"1":[0],"2":[0],"3":[1],"4":[1],"5":[1]},"fnMap":{"0":{"name":"Sidebar","decl":{"start":{"line":22,"column":40},"end":{"line":124,"column":2}},"loc":{"start":{"line":22,"column":40},"end":{"line":124,"column":2}},"line":22},"1":{"name":"isActive","decl":{"start":{"line":25,"column":21},"end":{"line":25,"column":66}},"loc":{"start":{"line":25,"column":21},"end":{"line":25,"column":66}},"line":25},"2":{"name":"NavItem","decl":{"start":{"line":46,"column":9},"end":{"line":61,"column":15}},"loc":{"start":{"line":46,"column":9},"end":{"line":61,"column":15}},"line":46}},"f":{"0":1,"1":1,"2":1}}
,"D:\\REPO\\records_w_aws_free\\frontend\\src\\pages\\Admin.tsx": {"path":"D:\\REPO\\records_w_aws_free\\frontend\\src\\pages\\Admin.tsx","all":false,"statementMap":{"0":{"start":{"line":1,"column":0},"end":{"line":1,"column":51}},"1":{"start":{"line":2,"column":0},"end":{"line":2,"column":128}},"2":{"start":{"line":3,"column":0},"end":{"line":3,"column":31}},"3":{"start":{"line":4,"column":0},"end":{"line":4,"column":45}},"56":{"start":{"line":57,"column":0},"end":{"line":57,"column":31}},"57":{"start":{"line":58,"column":0},"end":{"line":58,"column":62}},"58":{"start":{"line":59,"column":0},"end":{"line":59,"column":51}},"59":{"start":{"line":60,"column":0},"end":{"line":60,"column":60}},"60":{"start":{"line":61,"column":0},"end":{"line":61,"column":72}},"61":{"start":{"line":62,"column":0},"end":{"line":62,"column":51}},"62":{"start":{"line":63,"column":0},"end":{"line":63,"column":83}},"63":{"start":{"line":64,"column":0},"end":{"line":64,"column":77}},"64":{"start":{"line":65,"column":0},"end":{"line":65,"column":58}},"65":{"start":{"line":66,"column":0},"end":{"line":66,"column":78}},"66":{"start":{"line":67,"column":0},"end":{"line":67,"column":66}},"69":{"start":{"line":70,"column":0},"end":{"line":70,"column":61}},"70":{"start":{"line":71,"column":0},"end":{"line":71,"column":58}},"71":{"start":{"line":72,"column":0},"end":{"line":72,"column":70}},"78":{"start":{"line":79,"column":0},"end":{"line":79,"column":12}},"80":{"start":{"line":81,"column":0},"end":{"line":81,"column":21}},"81":{"start":{"line":82,"column":0},"end":{"line":82,"column":22}},"83":{"start":{"line":84,"column":0},"end":{"line":84,"column":24}},"84":{"start":{"line":85,"column":0},"end":{"line":85,"column":24}},"85":{"start":{"line":86,"column":0},"end":{"line":86,"column":9}},"86":{"start":{"line":87,"column":0},"end":{"line":87,"column":11}},"88":{"start":{"line":89,"column":0},"end":{"line":89,"column":37}},"89":{"start":{"line":90,"column":0},"end":{"line":90,"column":13}},"90":{"start":{"line":91,"column":0},"end":{"line":91,"column":63}},"91":{"start":{"line":92,"column":0},"end":{"line":92,"column":25}},"92":{"start":{"line":93,"column":0},"end":{"line":93,"column":55}},"93":{"start":{"line":94,"column":0},"end":{"line":94,"column":23}},"94":{"start":{"line":95,"column":0},"end":{"line":95,"column":13}},"96":{"start":{"line":97,"column":0},"end":{"line":97,"column":73}},"97":{"start":{"line":98,"column":0},"end":{"line":98,"column":39}},"98":{"start":{"line":99,"column":0},"end":{"line":99,"column":37}},"99":{"start":{"line":100,"column":0},"end":{"line":100,"column":25}},"100":{"start":{"line":101,"column":0},"end":{"line":101,"column":59}},"102":{"start":{"line":103,"column":0},"end":{"line":103,"column":48}},"103":{"start":{"line":104,"column":0},"end":{"line":104,"column":147}},"104":{"start":{"line":105,"column":0},"end":{"line":105,"column":174}},"105":{"start":{"line":106,"column":0},"end":{"line":106,"column":148}},"106":{"start":{"line":107,"column":0},"end":{"line":107,"column":148}},"107":{"start":{"line":108,"column":0},"end":{"line":108,"column":14}},"108":{"start":{"line":109,"column":0},"end":{"line":109,"column":36}},"109":{"start":{"line":110,"column":0},"end":{"line":110,"column":9}},"110":{"start":{"line":111,"column":0},"end":{"line":111,"column":6}},"112":{"start":{"line":113,"column":0},"end":{"line":113,"column":35}},"113":{"start":{"line":114,"column":0},"end":{"line":114,"column":13}},"114":{"start":{"line":115,"column":0},"end":{"line":115,"column":34}},"115":{"start":{"line":116,"column":0},"end":{"line":116,"column":63}},"116":{"start":{"line":117,"column":0},"end":{"line":117,"column":25}},"117":{"start":{"line":118,"column":0},"end":{"line":118,"column":55}},"118":{"start":{"line":119,"column":0},"end":{"line":119,"column":23}},"119":{"start":{"line":120,"column":0},"end":{"line":120,"column":13}},"121":{"start":{"line":122,"column":0},"end":{"line":122,"column":72}},"122":{"start":{"line":123,"column":0},"end":{"line":123,"column":39}},"123":{"start":{"line":124,"column":0},"end":{"line":124,"column":33}},"124":{"start":{"line":125,"column":0},"end":{"line":125,"column":25}},"125":{"start":{"line":126,"column":0},"end":{"line":126,"column":57}},"126":{"start":{"line":127,"column":0},"end":{"line":127,"column":48}},"127":{"start":{"line":128,"column":0},"end":{"line":128,"column":19}},"128":{"start":{"line":129,"column":0},"end":{"line":129,"column":35}},"129":{"start":{"line":130,"column":0},"end":{"line":130,"column":9}},"130":{"start":{"line":131,"column":0},"end":{"line":131,"column":6}},"132":{"start":{"line":133,"column":0},"end":{"line":133,"column":43}},"133":{"start":{"line":134,"column":0},"end":{"line":134,"column":13}},"134":{"start":{"line":135,"column":0},"end":{"line":135,"column":33}},"135":{"start":{"line":136,"column":0},"end":{"line":136,"column":81}},"136":{"start":{"line":137,"column":0},"end":{"line":137,"column":61}},"137":{"start":{"line":138,"column":0},"end":{"line":138,"column":25}},"138":{"start":{"line":139,"column":0},"end":{"line":139,"column":67}},"139":{"start":{"line":140,"column":0},"end":{"line":140,"column":58}},"140":{"start":{"line":141,"column":0},"end":{"line":141,"column":19}},"141":{"start":{"line":142,"column":0},"end":{"line":142,"column":34}},"142":{"start":{"line":143,"column":0},"end":{"line":143,"column":9}},"143":{"start":{"line":144,"column":0},"end":{"line":144,"column":6}},"145":{"start":{"line":146,"column":0},"end":{"line":146,"column":53}},"146":{"start":{"line":147,"column":0},"end":{"line":147,"column":13}},"147":{"start":{"line":148,"column":0},"end":{"line":148,"column":63}},"148":{"start":{"line":149,"column":0},"end":{"line":149,"column":25}},"149":{"start":{"line":150,"column":0},"end":{"line":150,"column":55}},"150":{"start":{"line":151,"column":0},"end":{"line":151,"column":23}},"151":{"start":{"line":152,"column":0},"end":{"line":152,"column":13}},"153":{"start":{"line":154,"column":0},"end":{"line":154,"column":57}},"154":{"start":{"line":155,"column":0},"end":{"line":155,"column":38}},"155":{"start":{"line":156,"column":0},"end":{"line":156,"column":39}},"156":{"start":{"line":157,"column":0},"end":{"line":157,"column":15}},"159":{"start":{"line":160,"column":0},"end":{"line":160,"column":49}},"160":{"start":{"line":161,"column":0},"end":{"line":161,"column":47}},"161":{"start":{"line":162,"column":0},"end":{"line":162,"column":60}},"162":{"start":{"line":163,"column":0},"end":{"line":163,"column":28}},"163":{"start":{"line":164,"column":0},"end":{"line":164,"column":15}},"166":{"start":{"line":167,"column":0},"end":{"line":167,"column":57}},"167":{"start":{"line":168,"column":0},"end":{"line":168,"column":25}},"168":{"start":{"line":169,"column":0},"end":{"line":169,"column":57}},"169":{"start":{"line":170,"column":0},"end":{"line":170,"column":109}},"170":{"start":{"line":171,"column":0},"end":{"line":171,"column":9}},"171":{"start":{"line":172,"column":0},"end":{"line":172,"column":6}},"173":{"start":{"line":174,"column":0},"end":{"line":174,"column":78}},"174":{"start":{"line":175,"column":0},"end":{"line":175,"column":13}},"175":{"start":{"line":176,"column":0},"end":{"line":176,"column":63}},"176":{"start":{"line":177,"column":0},"end":{"line":177,"column":25}},"177":{"start":{"line":178,"column":0},"end":{"line":178,"column":55}},"178":{"start":{"line":179,"column":0},"end":{"line":179,"column":23}},"179":{"start":{"line":180,"column":0},"end":{"line":180,"column":13}},"181":{"start":{"line":182,"column":0},"end":{"line":182,"column":67}},"182":{"start":{"line":183,"column":0},"end":{"line":183,"column":32}},"183":{"start":{"line":184,"column":0},"end":{"line":184,"column":37}},"184":{"start":{"line":185,"column":0},"end":{"line":185,"column":15}},"187":{"start":{"line":188,"column":0},"end":{"line":188,"column":45}},"188":{"start":{"line":189,"column":0},"end":{"line":189,"column":34}},"189":{"start":{"line":190,"column":0},"end":{"line":190,"column":56}},"190":{"start":{"line":191,"column":0},"end":{"line":191,"column":26}},"191":{"start":{"line":192,"column":0},"end":{"line":192,"column":15}},"193":{"start":{"line":194,"column":0},"end":{"line":194,"column":62}},"194":{"start":{"line":195,"column":0},"end":{"line":195,"column":25}},"195":{"start":{"line":196,"column":0},"end":{"line":196,"column":68}},"196":{"start":{"line":197,"column":0},"end":{"line":197,"column":113}},"197":{"start":{"line":198,"column":0},"end":{"line":198,"column":9}},"198":{"start":{"line":199,"column":0},"end":{"line":199,"column":6}},"200":{"start":{"line":201,"column":0},"end":{"line":201,"column":51}},"201":{"start":{"line":202,"column":0},"end":{"line":202,"column":28}},"202":{"start":{"line":203,"column":0},"end":{"line":203,"column":33}},"203":{"start":{"line":204,"column":0},"end":{"line":204,"column":6}},"205":{"start":{"line":206,"column":0},"end":{"line":206,"column":36}},"206":{"start":{"line":207,"column":0},"end":{"line":207,"column":34}},"207":{"start":{"line":208,"column":0},"end":{"line":208,"column":29}},"208":{"start":{"line":209,"column":0},"end":{"line":209,"column":6}},"211":{"start":{"line":212,"column":0},"end":{"line":212,"column":56}},"212":{"start":{"line":213,"column":0},"end":{"line":213,"column":51}},"213":{"start":{"line":214,"column":0},"end":{"line":214,"column":38}},"214":{"start":{"line":215,"column":0},"end":{"line":215,"column":38}},"215":{"start":{"line":216,"column":0},"end":{"line":216,"column":33}},"216":{"start":{"line":217,"column":0},"end":{"line":217,"column":10}},"217":{"start":{"line":218,"column":0},"end":{"line":218,"column":53}},"218":{"start":{"line":219,"column":0},"end":{"line":219,"column":6}},"220":{"start":{"line":221,"column":0},"end":{"line":221,"column":60}},"221":{"start":{"line":222,"column":0},"end":{"line":222,"column":49}},"222":{"start":{"line":223,"column":0},"end":{"line":223,"column":43}},"223":{"start":{"line":224,"column":0},"end":{"line":224,"column":43}},"224":{"start":{"line":225,"column":0},"end":{"line":225,"column":38}},"225":{"start":{"line":226,"column":0},"end":{"line":226,"column":10}},"226":{"start":{"line":227,"column":0},"end":{"line":227,"column":56}},"227":{"start":{"line":228,"column":0},"end":{"line":228,"column":6}},"229":{"start":{"line":230,"column":0},"end":{"line":230,"column":68}},"230":{"start":{"line":231,"column":0},"end":{"line":231,"column":57}},"231":{"start":{"line":232,"column":0},"end":{"line":232,"column":38}},"232":{"start":{"line":233,"column":0},"end":{"line":233,"column":54}},"233":{"start":{"line":234,"column":0},"end":{"line":234,"column":59}},"234":{"start":{"line":235,"column":0},"end":{"line":235,"column":10}},"235":{"start":{"line":236,"column":0},"end":{"line":236,"column":65}},"236":{"start":{"line":237,"column":0},"end":{"line":237,"column":6}},"238":{"start":{"line":239,"column":0},"end":{"line":239,"column":66}},"239":{"start":{"line":240,"column":0},"end":{"line":240,"column":49}},"240":{"start":{"line":241,"column":0},"end":{"line":241,"column":43}},"241":{"start":{"line":242,"column":0},"end":{"line":242,"column":59}},"242":{"start":{"line":243,"column":0},"end":{"line":243,"column":64}},"243":{"start":{"line":244,"column":0},"end":{"line":244,"column":10}},"244":{"start":{"line":245,"column":0},"end":{"line":245,"column":62}},"245":{"start":{"line":246,"column":0},"end":{"line":246,"column":6}},"247":{"start":{"line":248,"column":0},"end":{"line":248,"column":47}},"248":{"start":{"line":249,"column":0},"end":{"line":249,"column":53}},"249":{"start":{"line":250,"column":0},"end":{"line":250,"column":68}},"250":{"start":{"line":251,"column":0},"end":{"line":251,"column":42}},"251":{"start":{"line":252,"column":0},"end":{"line":252,"column":59}},"253":{"start":{"line":254,"column":0},"end":{"line":254,"column":68}},"254":{"start":{"line":255,"column":0},"end":{"line":255,"column":6}},"256":{"start":{"line":257,"column":0},"end":{"line":257,"column":59}},"257":{"start":{"line":258,"column":0},"end":{"line":258,"column":59}},"258":{"start":{"line":259,"column":0},"end":{"line":259,"column":63}},"259":{"start":{"line":260,"column":0},"end":{"line":260,"column":59}},"261":{"start":{"line":262,"column":0},"end":{"line":262,"column":68}},"262":{"start":{"line":263,"column":0},"end":{"line":263,"column":6}},"265":{"start":{"line":266,"column":0},"end":{"line":266,"column":44}},"266":{"start":{"line":267,"column":0},"end":{"line":267,"column":29}},"267":{"start":{"line":268,"column":0},"end":{"line":268,"column":26}},"269":{"start":{"line":270,"column":0},"end":{"line":270,"column":13}},"270":{"start":{"line":271,"column":0},"end":{"line":271,"column":70}},"271":{"start":{"line":272,"column":0},"end":{"line":272,"column":111}},"272":{"start":{"line":273,"column":0},"end":{"line":273,"column":51}},"273":{"start":{"line":274,"column":0},"end":{"line":274,"column":34}},"274":{"start":{"line":275,"column":0},"end":{"line":275,"column":132}},"275":{"start":{"line":276,"column":0},"end":{"line":276,"column":76}},"276":{"start":{"line":277,"column":0},"end":{"line":277,"column":51}},"277":{"start":{"line":278,"column":0},"end":{"line":278,"column":48}},"278":{"start":{"line":279,"column":0},"end":{"line":279,"column":19}},"279":{"start":{"line":280,"column":0},"end":{"line":280,"column":34}},"280":{"start":{"line":281,"column":0},"end":{"line":281,"column":9}},"281":{"start":{"line":282,"column":0},"end":{"line":282,"column":6}},"283":{"start":{"line":284,"column":0},"end":{"line":284,"column":52}},"284":{"start":{"line":285,"column":0},"end":{"line":285,"column":29}},"285":{"start":{"line":286,"column":0},"end":{"line":286,"column":26}},"287":{"start":{"line":288,"column":0},"end":{"line":288,"column":13}},"288":{"start":{"line":289,"column":0},"end":{"line":289,"column":79}},"289":{"start":{"line":290,"column":0},"end":{"line":290,"column":120}},"290":{"start":{"line":291,"column":0},"end":{"line":291,"column":60}},"291":{"start":{"line":292,"column":0},"end":{"line":292,"column":34}},"292":{"start":{"line":293,"column":0},"end":{"line":293,"column":132}},"293":{"start":{"line":294,"column":0},"end":{"line":294,"column":76}},"294":{"start":{"line":295,"column":0},"end":{"line":295,"column":51}},"295":{"start":{"line":296,"column":0},"end":{"line":296,"column":57}},"296":{"start":{"line":297,"column":0},"end":{"line":297,"column":19}},"297":{"start":{"line":298,"column":0},"end":{"line":298,"column":34}},"298":{"start":{"line":299,"column":0},"end":{"line":299,"column":9}},"299":{"start":{"line":300,"column":0},"end":{"line":300,"column":6}},"301":{"start":{"line":302,"column":0},"end":{"line":302,"column":48}},"302":{"start":{"line":303,"column":0},"end":{"line":303,"column":33}},"303":{"start":{"line":304,"column":0},"end":{"line":304,"column":37}},"304":{"start":{"line":305,"column":0},"end":{"line":305,"column":64}},"305":{"start":{"line":306,"column":0},"end":{"line":306,"column":67}},"306":{"start":{"line":307,"column":0},"end":{"line":307,"column":95}},"307":{"start":{"line":308,"column":0},"end":{"line":308,"column":38}},"308":{"start":{"line":309,"column":0},"end":{"line":309,"column":47}},"309":{"start":{"line":310,"column":0},"end":{"line":310,"column":10}},"311":{"start":{"line":312,"column":0},"end":{"line":312,"column":65}},"312":{"start":{"line":313,"column":0},"end":{"line":313,"column":126}},"313":{"start":{"line":314,"column":0},"end":{"line":314,"column":6}},"315":{"start":{"line":316,"column":0},"end":{"line":316,"column":48}},"316":{"start":{"line":317,"column":0},"end":{"line":317,"column":45}},"317":{"start":{"line":318,"column":0},"end":{"line":318,"column":83}},"318":{"start":{"line":319,"column":0},"end":{"line":319,"column":19}},"319":{"start":{"line":320,"column":0},"end":{"line":320,"column":9}},"322":{"start":{"line":323,"column":0},"end":{"line":323,"column":86}},"323":{"start":{"line":324,"column":0},"end":{"line":324,"column":34}},"324":{"start":{"line":325,"column":0},"end":{"line":325,"column":67}},"325":{"start":{"line":326,"column":0},"end":{"line":326,"column":19}},"326":{"start":{"line":327,"column":0},"end":{"line":327,"column":9}},"328":{"start":{"line":329,"column":0},"end":{"line":329,"column":36}},"329":{"start":{"line":330,"column":0},"end":{"line":330,"column":36}},"330":{"start":{"line":331,"column":0},"end":{"line":331,"column":57}},"331":{"start":{"line":332,"column":0},"end":{"line":332,"column":23}},"332":{"start":{"line":333,"column":0},"end":{"line":333,"column":40}},"333":{"start":{"line":334,"column":0},"end":{"line":334,"column":52}},"334":{"start":{"line":335,"column":0},"end":{"line":335,"column":103}},"335":{"start":{"line":336,"column":0},"end":{"line":336,"column":21}},"336":{"start":{"line":337,"column":0},"end":{"line":337,"column":34}},"337":{"start":{"line":338,"column":0},"end":{"line":338,"column":13}},"338":{"start":{"line":339,"column":0},"end":{"line":339,"column":10}},"340":{"start":{"line":341,"column":0},"end":{"line":341,"column":131}},"341":{"start":{"line":342,"column":0},"end":{"line":342,"column":6}},"343":{"start":{"line":344,"column":0},"end":{"line":344,"column":48}},"344":{"start":{"line":345,"column":0},"end":{"line":345,"column":33}},"345":{"start":{"line":346,"column":0},"end":{"line":346,"column":57}},"346":{"start":{"line":347,"column":0},"end":{"line":347,"column":6}},"348":{"start":{"line":349,"column":0},"end":{"line":349,"column":133}},"349":{"start":{"line":350,"column":0},"end":{"line":350,"column":100}},"350":{"start":{"line":351,"column":0},"end":{"line":351,"column":100}},"351":{"start":{"line":352,"column":0},"end":{"line":352,"column":72}},"352":{"start":{"line":353,"column":0},"end":{"line":353,"column":86}},"353":{"start":{"line":354,"column":0},"end":{"line":354,"column":27}},"354":{"start":{"line":355,"column":0},"end":{"line":355,"column":60}},"355":{"start":{"line":356,"column":0},"end":{"line":356,"column":79}},"357":{"start":{"line":358,"column":0},"end":{"line":358,"column":49}},"358":{"start":{"line":359,"column":0},"end":{"line":359,"column":29}},"359":{"start":{"line":360,"column":0},"end":{"line":360,"column":22}},"361":{"start":{"line":362,"column":0},"end":{"line":362,"column":83}},"363":{"start":{"line":364,"column":0},"end":{"line":364,"column":43}},"364":{"start":{"line":365,"column":0},"end":{"line":365,"column":25}},"365":{"start":{"line":366,"column":0},"end":{"line":366,"column":90}},"367":{"start":{"line":368,"column":0},"end":{"line":368,"column":32}},"368":{"start":{"line":369,"column":0},"end":{"line":369,"column":30}},"369":{"start":{"line":370,"column":0},"end":{"line":370,"column":39}},"370":{"start":{"line":371,"column":0},"end":{"line":371,"column":45}},"371":{"start":{"line":372,"column":0},"end":{"line":372,"column":74}},"372":{"start":{"line":373,"column":0},"end":{"line":373,"column":164}},"373":{"start":{"line":374,"column":0},"end":{"line":374,"column":57}},"374":{"start":{"line":375,"column":0},"end":{"line":375,"column":26}},"375":{"start":{"line":376,"column":0},"end":{"line":376,"column":26}},"377":{"start":{"line":378,"column":0},"end":{"line":378,"column":48}},"378":{"start":{"line":379,"column":0},"end":{"line":379,"column":31}},"379":{"start":{"line":380,"column":0},"end":{"line":380,"column":44}},"380":{"start":{"line":381,"column":0},"end":{"line":381,"column":54}},"381":{"start":{"line":382,"column":0},"end":{"line":382,"column":53}},"382":{"start":{"line":383,"column":0},"end":{"line":383,"column":30}},"383":{"start":{"line":384,"column":0},"end":{"line":384,"column":57}},"384":{"start":{"line":385,"column":0},"end":{"line":385,"column":25}},"386":{"start":{"line":387,"column":0},"end":{"line":387,"column":33}},"387":{"start":{"line":388,"column":0},"end":{"line":388,"column":31}},"388":{"start":{"line":389,"column":0},"end":{"line":389,"column":64}},"389":{"start":{"line":390,"column":0},"end":{"line":390,"column":119}},"390":{"start":{"line":391,"column":0},"end":{"line":391,"column":25}},"392":{"start":{"line":393,"column":0},"end":{"line":393,"column":33}},"393":{"start":{"line":394,"column":0},"end":{"line":394,"column":26}},"394":{"start":{"line":395,"column":0},"end":{"line":395,"column":22}},"395":{"start":{"line":396,"column":0},"end":{"line":396,"column":18}},"396":{"start":{"line":397,"column":0},"end":{"line":397,"column":14}},"399":{"start":{"line":400,"column":0},"end":{"line":400,"column":12}},"400":{"start":{"line":401,"column":0},"end":{"line":401,"column":103}},"401":{"start":{"line":402,"column":0},"end":{"line":402,"column":47}},"403":{"start":{"line":404,"column":0},"end":{"line":404,"column":38}},"404":{"start":{"line":405,"column":0},"end":{"line":405,"column":95}},"405":{"start":{"line":406,"column":0},"end":{"line":406,"column":105}},"406":{"start":{"line":407,"column":0},"end":{"line":407,"column":22}},"409":{"start":{"line":410,"column":0},"end":{"line":410,"column":91}},"410":{"start":{"line":411,"column":0},"end":{"line":411,"column":46}},"411":{"start":{"line":412,"column":0},"end":{"line":412,"column":77}},"412":{"start":{"line":413,"column":0},"end":{"line":413,"column":74}},"413":{"start":{"line":414,"column":0},"end":{"line":414,"column":123}},"414":{"start":{"line":415,"column":0},"end":{"line":415,"column":129}},"415":{"start":{"line":416,"column":0},"end":{"line":416,"column":129}},"416":{"start":{"line":417,"column":0},"end":{"line":417,"column":131}},"417":{"start":{"line":418,"column":0},"end":{"line":418,"column":89}},"418":{"start":{"line":419,"column":0},"end":{"line":419,"column":74}},"419":{"start":{"line":420,"column":0},"end":{"line":420,"column":37}},"420":{"start":{"line":421,"column":0},"end":{"line":421,"column":34}},"422":{"start":{"line":423,"column":0},"end":{"line":423,"column":55}},"423":{"start":{"line":424,"column":0},"end":{"line":424,"column":37}},"424":{"start":{"line":425,"column":0},"end":{"line":425,"column":113}},"425":{"start":{"line":426,"column":0},"end":{"line":426,"column":105}},"426":{"start":{"line":427,"column":0},"end":{"line":427,"column":38}},"428":{"start":{"line":429,"column":0},"end":{"line":429,"column":39}},"429":{"start":{"line":430,"column":0},"end":{"line":430,"column":52}},"430":{"start":{"line":431,"column":0},"end":{"line":431,"column":74}},"431":{"start":{"line":432,"column":0},"end":{"line":432,"column":74}},"432":{"start":{"line":433,"column":0},"end":{"line":433,"column":38}},"433":{"start":{"line":434,"column":0},"end":{"line":434,"column":73}},"434":{"start":{"line":435,"column":0},"end":{"line":435,"column":33}},"436":{"start":{"line":437,"column":0},"end":{"line":437,"column":41}},"437":{"start":{"line":438,"column":0},"end":{"line":438,"column":34}},"438":{"start":{"line":439,"column":0},"end":{"line":439,"column":30}},"439":{"start":{"line":440,"column":0},"end":{"line":440,"column":23}},"440":{"start":{"line":441,"column":0},"end":{"line":441,"column":22}},"443":{"start":{"line":444,"column":0},"end":{"line":444,"column":50}},"444":{"start":{"line":445,"column":0},"end":{"line":445,"column":87}},"445":{"start":{"line":446,"column":0},"end":{"line":446,"column":57}},"447":{"start":{"line":448,"column":0},"end":{"line":448,"column":25}},"449":{"start":{"line":450,"column":0},"end":{"line":450,"column":75}},"450":{"start":{"line":451,"column":0},"end":{"line":451,"column":53}},"451":{"start":{"line":452,"column":0},"end":{"line":452,"column":95}},"452":{"start":{"line":453,"column":0},"end":{"line":453,"column":96}},"453":{"start":{"line":454,"column":0},"end":{"line":454,"column":30}},"455":{"start":{"line":456,"column":0},"end":{"line":456,"column":53}},"456":{"start":{"line":457,"column":0},"end":{"line":457,"column":95}},"457":{"start":{"line":458,"column":0},"end":{"line":458,"column":96}},"458":{"start":{"line":459,"column":0},"end":{"line":459,"column":30}},"460":{"start":{"line":461,"column":0},"end":{"line":461,"column":53}},"461":{"start":{"line":462,"column":0},"end":{"line":462,"column":108}},"462":{"start":{"line":463,"column":0},"end":{"line":463,"column":97}},"463":{"start":{"line":464,"column":0},"end":{"line":464,"column":30}},"464":{"start":{"line":465,"column":0},"end":{"line":465,"column":26}},"466":{"start":{"line":467,"column":0},"end":{"line":467,"column":69}},"467":{"start":{"line":468,"column":0},"end":{"line":468,"column":80}},"468":{"start":{"line":469,"column":0},"end":{"line":469,"column":81}},"469":{"start":{"line":470,"column":0},"end":{"line":470,"column":79}},"470":{"start":{"line":471,"column":0},"end":{"line":471,"column":91}},"471":{"start":{"line":472,"column":0},"end":{"line":472,"column":85}},"472":{"start":{"line":473,"column":0},"end":{"line":473,"column":30}},"473":{"start":{"line":474,"column":0},"end":{"line":474,"column":26}},"474":{"start":{"line":475,"column":0},"end":{"line":475,"column":22}},"477":{"start":{"line":478,"column":0},"end":{"line":478,"column":50}},"478":{"start":{"line":479,"column":0},"end":{"line":479,"column":53}},"479":{"start":{"line":480,"column":0},"end":{"line":480,"column":31}},"480":{"start":{"line":481,"column":0},"end":{"line":481,"column":44}},"481":{"start":{"line":482,"column":0},"end":{"line":482,"column":54}},"482":{"start":{"line":483,"column":0},"end":{"line":483,"column":44}},"483":{"start":{"line":484,"column":0},"end":{"line":484,"column":30}},"484":{"start":{"line":485,"column":0},"end":{"line":485,"column":111}},"485":{"start":{"line":486,"column":0},"end":{"line":486,"column":57}},"486":{"start":{"line":487,"column":0},"end":{"line":487,"column":84}},"487":{"start":{"line":488,"column":0},"end":{"line":488,"column":35}},"489":{"start":{"line":490,"column":0},"end":{"line":490,"column":69}},"491":{"start":{"line":492,"column":0},"end":{"line":492,"column":33}},"492":{"start":{"line":493,"column":0},"end":{"line":493,"column":31}},"493":{"start":{"line":494,"column":0},"end":{"line":494,"column":44}},"494":{"start":{"line":495,"column":0},"end":{"line":495,"column":53}},"495":{"start":{"line":496,"column":0},"end":{"line":496,"column":52}},"496":{"start":{"line":497,"column":0},"end":{"line":497,"column":30}},"497":{"start":{"line":498,"column":0},"end":{"line":498,"column":110}},"498":{"start":{"line":499,"column":0},"end":{"line":499,"column":57}},"499":{"start":{"line":500,"column":0},"end":{"line":500,"column":84}},"500":{"start":{"line":501,"column":0},"end":{"line":501,"column":35}},"502":{"start":{"line":503,"column":0},"end":{"line":503,"column":73}},"504":{"start":{"line":505,"column":0},"end":{"line":505,"column":33}},"505":{"start":{"line":506,"column":0},"end":{"line":506,"column":31}},"506":{"start":{"line":507,"column":0},"end":{"line":507,"column":64}},"507":{"start":{"line":508,"column":0},"end":{"line":508,"column":110}},"508":{"start":{"line":509,"column":0},"end":{"line":509,"column":57}},"509":{"start":{"line":510,"column":0},"end":{"line":510,"column":84}},"510":{"start":{"line":511,"column":0},"end":{"line":511,"column":35}},"512":{"start":{"line":513,"column":0},"end":{"line":513,"column":68}},"514":{"start":{"line":515,"column":0},"end":{"line":515,"column":33}},"515":{"start":{"line":516,"column":0},"end":{"line":516,"column":26}},"518":{"start":{"line":519,"column":0},"end":{"line":519,"column":47}},"519":{"start":{"line":520,"column":0},"end":{"line":520,"column":29}},"520":{"start":{"line":521,"column":0},"end":{"line":521,"column":84}},"521":{"start":{"line":522,"column":0},"end":{"line":522,"column":94}},"522":{"start":{"line":523,"column":0},"end":{"line":523,"column":65}},"524":{"start":{"line":525,"column":0},"end":{"line":525,"column":37}},"525":{"start":{"line":526,"column":0},"end":{"line":526,"column":39}},"526":{"start":{"line":527,"column":0},"end":{"line":527,"column":55}},"527":{"start":{"line":528,"column":0},"end":{"line":528,"column":59}},"528":{"start":{"line":529,"column":0},"end":{"line":529,"column":90}},"530":{"start":{"line":531,"column":0},"end":{"line":531,"column":109}},"532":{"start":{"line":533,"column":0},"end":{"line":533,"column":41}},"533":{"start":{"line":534,"column":0},"end":{"line":534,"column":34}},"535":{"start":{"line":536,"column":0},"end":{"line":536,"column":45}},"536":{"start":{"line":537,"column":0},"end":{"line":537,"column":74}},"537":{"start":{"line":538,"column":0},"end":{"line":538,"column":119}},"538":{"start":{"line":539,"column":0},"end":{"line":539,"column":38}},"540":{"start":{"line":541,"column":0},"end":{"line":541,"column":65}},"541":{"start":{"line":542,"column":0},"end":{"line":542,"column":62}},"542":{"start":{"line":543,"column":0},"end":{"line":543,"column":47}},"543":{"start":{"line":544,"column":0},"end":{"line":544,"column":83}},"544":{"start":{"line":545,"column":0},"end":{"line":545,"column":125}},"545":{"start":{"line":546,"column":0},"end":{"line":546,"column":128}},"546":{"start":{"line":547,"column":0},"end":{"line":547,"column":121}},"547":{"start":{"line":548,"column":0},"end":{"line":548,"column":127}},"548":{"start":{"line":549,"column":0},"end":{"line":549,"column":124}},"549":{"start":{"line":550,"column":0},"end":{"line":550,"column":49}},"550":{"start":{"line":551,"column":0},"end":{"line":551,"column":48}},"551":{"start":{"line":552,"column":0},"end":{"line":552,"column":47}},"552":{"start":{"line":553,"column":0},"end":{"line":553,"column":66}},"553":{"start":{"line":554,"column":0},"end":{"line":554,"column":104}},"554":{"start":{"line":555,"column":0},"end":{"line":555,"column":114}},"555":{"start":{"line":556,"column":0},"end":{"line":556,"column":136}},"556":{"start":{"line":557,"column":0},"end":{"line":557,"column":121}},"557":{"start":{"line":558,"column":0},"end":{"line":558,"column":78}},"558":{"start":{"line":559,"column":0},"end":{"line":559,"column":149}},"559":{"start":{"line":560,"column":0},"end":{"line":560,"column":129}},"560":{"start":{"line":561,"column":0},"end":{"line":561,"column":133}},"561":{"start":{"line":562,"column":0},"end":{"line":562,"column":64}},"562":{"start":{"line":563,"column":0},"end":{"line":563,"column":77}},"563":{"start":{"line":564,"column":0},"end":{"line":564,"column":63}},"564":{"start":{"line":565,"column":0},"end":{"line":565,"column":57}},"565":{"start":{"line":566,"column":0},"end":{"line":566,"column":78}},"566":{"start":{"line":567,"column":0},"end":{"line":567,"column":84}},"567":{"start":{"line":568,"column":0},"end":{"line":568,"column":67}},"568":{"start":{"line":569,"column":0},"end":{"line":569,"column":120}},"569":{"start":{"line":570,"column":0},"end":{"line":570,"column":105}},"570":{"start":{"line":571,"column":0},"end":{"line":571,"column":196}},"571":{"start":{"line":572,"column":0},"end":{"line":572,"column":61}},"573":{"start":{"line":574,"column":0},"end":{"line":574,"column":69}},"574":{"start":{"line":575,"column":0},"end":{"line":575,"column":67}},"575":{"start":{"line":576,"column":0},"end":{"line":576,"column":122}},"576":{"start":{"line":577,"column":0},"end":{"line":577,"column":107}},"577":{"start":{"line":578,"column":0},"end":{"line":578,"column":199}},"578":{"start":{"line":579,"column":0},"end":{"line":579,"column":61}},"580":{"start":{"line":581,"column":0},"end":{"line":581,"column":69}},"581":{"start":{"line":582,"column":0},"end":{"line":582,"column":62}},"582":{"start":{"line":583,"column":0},"end":{"line":583,"column":57}},"583":{"start":{"line":584,"column":0},"end":{"line":584,"column":53}},"584":{"start":{"line":585,"column":0},"end":{"line":585,"column":47}},"585":{"start":{"line":586,"column":0},"end":{"line":586,"column":48}},"586":{"start":{"line":587,"column":0},"end":{"line":587,"column":44}},"587":{"start":{"line":588,"column":0},"end":{"line":588,"column":38}},"589":{"start":{"line":590,"column":0},"end":{"line":590,"column":30}},"593":{"start":{"line":594,"column":0},"end":{"line":594,"column":46}},"594":{"start":{"line":595,"column":0},"end":{"line":595,"column":29}},"595":{"start":{"line":596,"column":0},"end":{"line":596,"column":84}},"596":{"start":{"line":597,"column":0},"end":{"line":597,"column":94}},"597":{"start":{"line":598,"column":0},"end":{"line":598,"column":69}},"599":{"start":{"line":600,"column":0},"end":{"line":600,"column":37}},"600":{"start":{"line":601,"column":0},"end":{"line":601,"column":39}},"601":{"start":{"line":602,"column":0},"end":{"line":602,"column":63}},"602":{"start":{"line":603,"column":0},"end":{"line":603,"column":58}},"603":{"start":{"line":604,"column":0},"end":{"line":604,"column":90}},"605":{"start":{"line":606,"column":0},"end":{"line":606,"column":108}},"607":{"start":{"line":608,"column":0},"end":{"line":608,"column":41}},"608":{"start":{"line":609,"column":0},"end":{"line":609,"column":34}},"610":{"start":{"line":611,"column":0},"end":{"line":611,"column":44}},"611":{"start":{"line":612,"column":0},"end":{"line":612,"column":74}},"612":{"start":{"line":613,"column":0},"end":{"line":613,"column":119}},"613":{"start":{"line":614,"column":0},"end":{"line":614,"column":38}},"615":{"start":{"line":616,"column":0},"end":{"line":616,"column":59}},"617":{"start":{"line":618,"column":0},"end":{"line":618,"column":66}},"618":{"start":{"line":619,"column":0},"end":{"line":619,"column":130}},"619":{"start":{"line":620,"column":0},"end":{"line":620,"column":74}},"620":{"start":{"line":621,"column":0},"end":{"line":621,"column":52}},"621":{"start":{"line":622,"column":0},"end":{"line":622,"column":66}},"622":{"start":{"line":623,"column":0},"end":{"line":623,"column":174}},"623":{"start":{"line":624,"column":0},"end":{"line":624,"column":87}},"625":{"start":{"line":626,"column":0},"end":{"line":626,"column":108}},"626":{"start":{"line":627,"column":0},"end":{"line":627,"column":91}},"627":{"start":{"line":628,"column":0},"end":{"line":628,"column":130}},"628":{"start":{"line":629,"column":0},"end":{"line":629,"column":58}},"630":{"start":{"line":631,"column":0},"end":{"line":631,"column":111}},"631":{"start":{"line":632,"column":0},"end":{"line":632,"column":74}},"632":{"start":{"line":633,"column":0},"end":{"line":633,"column":57}},"634":{"start":{"line":635,"column":0},"end":{"line":635,"column":92}},"635":{"start":{"line":636,"column":0},"end":{"line":636,"column":76}},"636":{"start":{"line":637,"column":0},"end":{"line":637,"column":56}},"638":{"start":{"line":639,"column":0},"end":{"line":639,"column":109}},"639":{"start":{"line":640,"column":0},"end":{"line":640,"column":94}},"640":{"start":{"line":641,"column":0},"end":{"line":641,"column":79}},"641":{"start":{"line":642,"column":0},"end":{"line":642,"column":120}},"642":{"start":{"line":643,"column":0},"end":{"line":643,"column":62}},"643":{"start":{"line":644,"column":0},"end":{"line":644,"column":94}},"644":{"start":{"line":645,"column":0},"end":{"line":645,"column":87}},"645":{"start":{"line":646,"column":0},"end":{"line":646,"column":172}},"646":{"start":{"line":647,"column":0},"end":{"line":647,"column":62}},"647":{"start":{"line":648,"column":0},"end":{"line":648,"column":94}},"648":{"start":{"line":649,"column":0},"end":{"line":649,"column":94}},"649":{"start":{"line":650,"column":0},"end":{"line":650,"column":186}},"650":{"start":{"line":651,"column":0},"end":{"line":651,"column":62}},"651":{"start":{"line":652,"column":0},"end":{"line":652,"column":136}},"652":{"start":{"line":653,"column":0},"end":{"line":653,"column":129}},"653":{"start":{"line":654,"column":0},"end":{"line":654,"column":84}},"654":{"start":{"line":655,"column":0},"end":{"line":655,"column":173}},"655":{"start":{"line":656,"column":0},"end":{"line":656,"column":66}},"657":{"start":{"line":658,"column":0},"end":{"line":658,"column":58}},"658":{"start":{"line":659,"column":0},"end":{"line":659,"column":54}},"659":{"start":{"line":660,"column":0},"end":{"line":660,"column":47}},"660":{"start":{"line":661,"column":0},"end":{"line":661,"column":46}},"662":{"start":{"line":663,"column":0},"end":{"line":663,"column":86}},"663":{"start":{"line":664,"column":0},"end":{"line":664,"column":83}},"664":{"start":{"line":665,"column":0},"end":{"line":665,"column":107}},"665":{"start":{"line":666,"column":0},"end":{"line":666,"column":117}},"666":{"start":{"line":667,"column":0},"end":{"line":667,"column":138}},"667":{"start":{"line":668,"column":0},"end":{"line":668,"column":50}},"668":{"start":{"line":669,"column":0},"end":{"line":669,"column":46}},"672":{"start":{"line":673,"column":0},"end":{"line":673,"column":67}},"673":{"start":{"line":674,"column":0},"end":{"line":674,"column":69}},"674":{"start":{"line":675,"column":0},"end":{"line":675,"column":111}},"675":{"start":{"line":676,"column":0},"end":{"line":676,"column":81}},"677":{"start":{"line":678,"column":0},"end":{"line":678,"column":49}},"679":{"start":{"line":680,"column":0},"end":{"line":680,"column":99}},"680":{"start":{"line":681,"column":0},"end":{"line":681,"column":77}},"681":{"start":{"line":682,"column":0},"end":{"line":682,"column":108}},"682":{"start":{"line":683,"column":0},"end":{"line":683,"column":177}},"683":{"start":{"line":684,"column":0},"end":{"line":684,"column":58}},"684":{"start":{"line":685,"column":0},"end":{"line":685,"column":129}},"685":{"start":{"line":686,"column":0},"end":{"line":686,"column":54}},"687":{"start":{"line":688,"column":0},"end":{"line":688,"column":77}},"688":{"start":{"line":689,"column":0},"end":{"line":689,"column":107}},"689":{"start":{"line":690,"column":0},"end":{"line":690,"column":191}},"690":{"start":{"line":691,"column":0},"end":{"line":691,"column":58}},"691":{"start":{"line":692,"column":0},"end":{"line":692,"column":136}},"692":{"start":{"line":693,"column":0},"end":{"line":693,"column":54}},"694":{"start":{"line":695,"column":0},"end":{"line":695,"column":77}},"695":{"start":{"line":696,"column":0},"end":{"line":696,"column":106}},"696":{"start":{"line":697,"column":0},"end":{"line":697,"column":174}},"697":{"start":{"line":698,"column":0},"end":{"line":698,"column":58}},"698":{"start":{"line":699,"column":0},"end":{"line":699,"column":117}},"699":{"start":{"line":700,"column":0},"end":{"line":700,"column":54}},"700":{"start":{"line":701,"column":0},"end":{"line":701,"column":50}},"701":{"start":{"line":702,"column":0},"end":{"line":702,"column":46}},"703":{"start":{"line":704,"column":0},"end":{"line":704,"column":38}},"705":{"start":{"line":706,"column":0},"end":{"line":706,"column":30}},"707":{"start":{"line":708,"column":0},"end":{"line":708,"column":22}},"710":{"start":{"line":711,"column":0},"end":{"line":711,"column":33}},"711":{"start":{"line":712,"column":0},"end":{"line":712,"column":32}},"712":{"start":{"line":713,"column":0},"end":{"line":713,"column":47}},"713":{"start":{"line":714,"column":0},"end":{"line":714,"column":77}},"714":{"start":{"line":715,"column":0},"end":{"line":715,"column":104}},"715":{"start":{"line":716,"column":0},"end":{"line":716,"column":22}},"719":{"start":{"line":720,"column":0},"end":{"line":720,"column":52}},"720":{"start":{"line":721,"column":0},"end":{"line":721,"column":116}},"721":{"start":{"line":722,"column":0},"end":{"line":722,"column":133}},"722":{"start":{"line":723,"column":0},"end":{"line":723,"column":49}},"723":{"start":{"line":724,"column":0},"end":{"line":724,"column":88}},"724":{"start":{"line":725,"column":0},"end":{"line":725,"column":91}},"725":{"start":{"line":726,"column":0},"end":{"line":726,"column":87}},"726":{"start":{"line":727,"column":0},"end":{"line":727,"column":41}},"727":{"start":{"line":728,"column":0},"end":{"line":728,"column":43}},"728":{"start":{"line":729,"column":0},"end":{"line":729,"column":66}},"729":{"start":{"line":730,"column":0},"end":{"line":730,"column":95}},"731":{"start":{"line":732,"column":0},"end":{"line":732,"column":65}},"732":{"start":{"line":733,"column":0},"end":{"line":733,"column":45}},"733":{"start":{"line":734,"column":0},"end":{"line":734,"column":38}},"735":{"start":{"line":736,"column":0},"end":{"line":736,"column":54}},"736":{"start":{"line":737,"column":0},"end":{"line":737,"column":153}},"737":{"start":{"line":738,"column":0},"end":{"line":738,"column":83}},"738":{"start":{"line":739,"column":0},"end":{"line":739,"column":70}},"739":{"start":{"line":740,"column":0},"end":{"line":740,"column":72}},"740":{"start":{"line":741,"column":0},"end":{"line":741,"column":47}},"741":{"start":{"line":742,"column":0},"end":{"line":742,"column":42}},"742":{"start":{"line":743,"column":0},"end":{"line":743,"column":38}},"744":{"start":{"line":745,"column":0},"end":{"line":745,"column":59}},"745":{"start":{"line":746,"column":0},"end":{"line":746,"column":79}},"746":{"start":{"line":747,"column":0},"end":{"line":747,"column":113}},"747":{"start":{"line":748,"column":0},"end":{"line":748,"column":119}},"748":{"start":{"line":749,"column":0},"end":{"line":749,"column":77}},"749":{"start":{"line":750,"column":0},"end":{"line":750,"column":63}},"750":{"start":{"line":751,"column":0},"end":{"line":751,"column":49}},"752":{"start":{"line":753,"column":0},"end":{"line":753,"column":99}},"754":{"start":{"line":755,"column":0},"end":{"line":755,"column":53}},"755":{"start":{"line":756,"column":0},"end":{"line":756,"column":133}},"756":{"start":{"line":757,"column":0},"end":{"line":757,"column":84}},"758":{"start":{"line":759,"column":0},"end":{"line":759,"column":57}},"759":{"start":{"line":760,"column":0},"end":{"line":760,"column":74}},"760":{"start":{"line":761,"column":0},"end":{"line":761,"column":153}},"761":{"start":{"line":762,"column":0},"end":{"line":762,"column":106}},"762":{"start":{"line":763,"column":0},"end":{"line":763,"column":117}},"763":{"start":{"line":764,"column":0},"end":{"line":764,"column":113}},"764":{"start":{"line":765,"column":0},"end":{"line":765,"column":112}},"765":{"start":{"line":766,"column":0},"end":{"line":766,"column":71}},"766":{"start":{"line":767,"column":0},"end":{"line":767,"column":66}},"767":{"start":{"line":768,"column":0},"end":{"line":768,"column":105}},"768":{"start":{"line":769,"column":0},"end":{"line":769,"column":91}},"769":{"start":{"line":770,"column":0},"end":{"line":770,"column":64}},"770":{"start":{"line":771,"column":0},"end":{"line":771,"column":101}},"771":{"start":{"line":772,"column":0},"end":{"line":772,"column":114}},"772":{"start":{"line":773,"column":0},"end":{"line":773,"column":115}},"773":{"start":{"line":774,"column":0},"end":{"line":774,"column":68}},"775":{"start":{"line":776,"column":0},"end":{"line":776,"column":62}},"777":{"start":{"line":778,"column":0},"end":{"line":778,"column":150}},"779":{"start":{"line":780,"column":0},"end":{"line":780,"column":62}},"781":{"start":{"line":782,"column":0},"end":{"line":782,"column":54}},"784":{"start":{"line":785,"column":0},"end":{"line":785,"column":53}},"785":{"start":{"line":786,"column":0},"end":{"line":786,"column":133}},"786":{"start":{"line":787,"column":0},"end":{"line":787,"column":85}},"788":{"start":{"line":789,"column":0},"end":{"line":789,"column":57}},"789":{"start":{"line":790,"column":0},"end":{"line":790,"column":81}},"790":{"start":{"line":791,"column":0},"end":{"line":791,"column":160}},"791":{"start":{"line":792,"column":0},"end":{"line":792,"column":106}},"792":{"start":{"line":793,"column":0},"end":{"line":793,"column":124}},"793":{"start":{"line":794,"column":0},"end":{"line":794,"column":113}},"794":{"start":{"line":795,"column":0},"end":{"line":795,"column":119}},"795":{"start":{"line":796,"column":0},"end":{"line":796,"column":71}},"796":{"start":{"line":797,"column":0},"end":{"line":797,"column":66}},"797":{"start":{"line":798,"column":0},"end":{"line":798,"column":105}},"798":{"start":{"line":799,"column":0},"end":{"line":799,"column":98}},"799":{"start":{"line":800,"column":0},"end":{"line":800,"column":64}},"800":{"start":{"line":801,"column":0},"end":{"line":801,"column":108}},"801":{"start":{"line":802,"column":0},"end":{"line":802,"column":114}},"802":{"start":{"line":803,"column":0},"end":{"line":803,"column":127}},"803":{"start":{"line":804,"column":0},"end":{"line":804,"column":68}},"805":{"start":{"line":806,"column":0},"end":{"line":806,"column":62}},"807":{"start":{"line":808,"column":0},"end":{"line":808,"column":150}},"809":{"start":{"line":810,"column":0},"end":{"line":810,"column":62}},"811":{"start":{"line":812,"column":0},"end":{"line":812,"column":54}},"812":{"start":{"line":813,"column":0},"end":{"line":813,"column":50}},"813":{"start":{"line":814,"column":0},"end":{"line":814,"column":46}},"814":{"start":{"line":815,"column":0},"end":{"line":815,"column":39}},"815":{"start":{"line":816,"column":0},"end":{"line":816,"column":38}},"816":{"start":{"line":817,"column":0},"end":{"line":817,"column":34}},"817":{"start":{"line":818,"column":0},"end":{"line":818,"column":30}},"818":{"start":{"line":819,"column":0},"end":{"line":819,"column":26}},"822":{"start":{"line":823,"column":0},"end":{"line":823,"column":42}},"823":{"start":{"line":824,"column":0},"end":{"line":824,"column":47}},"824":{"start":{"line":825,"column":0},"end":{"line":825,"column":53}},"825":{"start":{"line":826,"column":0},"end":{"line":826,"column":100}},"826":{"start":{"line":827,"column":0},"end":{"line":827,"column":70}},"828":{"start":{"line":829,"column":0},"end":{"line":829,"column":32}},"830":{"start":{"line":831,"column":0},"end":{"line":831,"column":55}},"831":{"start":{"line":832,"column":0},"end":{"line":832,"column":60}},"832":{"start":{"line":833,"column":0},"end":{"line":833,"column":43}},"833":{"start":{"line":834,"column":0},"end":{"line":834,"column":68}},"834":{"start":{"line":835,"column":0},"end":{"line":835,"column":62}},"835":{"start":{"line":836,"column":0},"end":{"line":836,"column":242}},"837":{"start":{"line":838,"column":0},"end":{"line":838,"column":93}},"838":{"start":{"line":839,"column":0},"end":{"line":839,"column":45}},"839":{"start":{"line":840,"column":0},"end":{"line":840,"column":43}},"840":{"start":{"line":841,"column":0},"end":{"line":841,"column":76}},"841":{"start":{"line":842,"column":0},"end":{"line":842,"column":62}},"842":{"start":{"line":843,"column":0},"end":{"line":843,"column":239}},"844":{"start":{"line":845,"column":0},"end":{"line":845,"column":95}},"845":{"start":{"line":846,"column":0},"end":{"line":846,"column":45}},"846":{"start":{"line":847,"column":0},"end":{"line":847,"column":38}},"848":{"start":{"line":849,"column":0},"end":{"line":849,"column":48}},"849":{"start":{"line":850,"column":0},"end":{"line":850,"column":106}},"850":{"start":{"line":851,"column":0},"end":{"line":851,"column":90}},"851":{"start":{"line":852,"column":0},"end":{"line":852,"column":97}},"852":{"start":{"line":853,"column":0},"end":{"line":853,"column":56}},"853":{"start":{"line":854,"column":0},"end":{"line":854,"column":46}},"854":{"start":{"line":855,"column":0},"end":{"line":855,"column":42}},"856":{"start":{"line":857,"column":0},"end":{"line":857,"column":34}},"857":{"start":{"line":858,"column":0},"end":{"line":858,"column":30}},"860":{"start":{"line":861,"column":0},"end":{"line":861,"column":53}},"861":{"start":{"line":862,"column":0},"end":{"line":862,"column":107}},"862":{"start":{"line":863,"column":0},"end":{"line":863,"column":70}},"865":{"start":{"line":866,"column":0},"end":{"line":866,"column":32}},"867":{"start":{"line":868,"column":0},"end":{"line":868,"column":55}},"868":{"start":{"line":869,"column":0},"end":{"line":869,"column":70}},"869":{"start":{"line":870,"column":0},"end":{"line":870,"column":43}},"870":{"start":{"line":871,"column":0},"end":{"line":871,"column":78}},"871":{"start":{"line":872,"column":0},"end":{"line":872,"column":187}},"872":{"start":{"line":873,"column":0},"end":{"line":873,"column":37}},"874":{"start":{"line":875,"column":0},"end":{"line":875,"column":45}},"875":{"start":{"line":876,"column":0},"end":{"line":876,"column":43}},"876":{"start":{"line":877,"column":0},"end":{"line":877,"column":78}},"877":{"start":{"line":878,"column":0},"end":{"line":878,"column":186}},"878":{"start":{"line":879,"column":0},"end":{"line":879,"column":37}},"880":{"start":{"line":881,"column":0},"end":{"line":881,"column":45}},"881":{"start":{"line":882,"column":0},"end":{"line":882,"column":43}},"882":{"start":{"line":883,"column":0},"end":{"line":883,"column":78}},"883":{"start":{"line":884,"column":0},"end":{"line":884,"column":180}},"884":{"start":{"line":885,"column":0},"end":{"line":885,"column":37}},"886":{"start":{"line":887,"column":0},"end":{"line":887,"column":45}},"887":{"start":{"line":888,"column":0},"end":{"line":888,"column":38}},"890":{"start":{"line":891,"column":0},"end":{"line":891,"column":66}},"891":{"start":{"line":892,"column":0},"end":{"line":892,"column":58}},"892":{"start":{"line":893,"column":0},"end":{"line":893,"column":125}},"893":{"start":{"line":894,"column":0},"end":{"line":894,"column":67}},"894":{"start":{"line":895,"column":0},"end":{"line":895,"column":86}},"895":{"start":{"line":896,"column":0},"end":{"line":896,"column":102}},"897":{"start":{"line":898,"column":0},"end":{"line":898,"column":56}},"898":{"start":{"line":899,"column":0},"end":{"line":899,"column":165}},"899":{"start":{"line":900,"column":0},"end":{"line":900,"column":107}},"900":{"start":{"line":901,"column":0},"end":{"line":901,"column":108}},"901":{"start":{"line":902,"column":0},"end":{"line":902,"column":108}},"902":{"start":{"line":903,"column":0},"end":{"line":903,"column":140}},"903":{"start":{"line":904,"column":0},"end":{"line":904,"column":130}},"904":{"start":{"line":905,"column":0},"end":{"line":905,"column":72}},"905":{"start":{"line":906,"column":0},"end":{"line":906,"column":107}},"906":{"start":{"line":907,"column":0},"end":{"line":907,"column":70}},"908":{"start":{"line":909,"column":0},"end":{"line":909,"column":88}},"909":{"start":{"line":910,"column":0},"end":{"line":910,"column":159}},"910":{"start":{"line":911,"column":0},"end":{"line":911,"column":94}},"911":{"start":{"line":912,"column":0},"end":{"line":912,"column":73}},"913":{"start":{"line":914,"column":0},"end":{"line":914,"column":144}},"914":{"start":{"line":915,"column":0},"end":{"line":915,"column":115}},"915":{"start":{"line":916,"column":0},"end":{"line":916,"column":145}},"916":{"start":{"line":917,"column":0},"end":{"line":917,"column":74}},"918":{"start":{"line":919,"column":0},"end":{"line":919,"column":117}},"919":{"start":{"line":920,"column":0},"end":{"line":920,"column":87}},"920":{"start":{"line":921,"column":0},"end":{"line":921,"column":122}},"921":{"start":{"line":922,"column":0},"end":{"line":922,"column":134}},"922":{"start":{"line":923,"column":0},"end":{"line":923,"column":83}},"924":{"start":{"line":925,"column":0},"end":{"line":925,"column":113}},"925":{"start":{"line":926,"column":0},"end":{"line":926,"column":114}},"926":{"start":{"line":927,"column":0},"end":{"line":927,"column":150}},"927":{"start":{"line":928,"column":0},"end":{"line":928,"column":87}},"928":{"start":{"line":929,"column":0},"end":{"line":929,"column":128}},"929":{"start":{"line":930,"column":0},"end":{"line":930,"column":115}},"930":{"start":{"line":931,"column":0},"end":{"line":931,"column":87}},"931":{"start":{"line":932,"column":0},"end":{"line":932,"column":82}},"933":{"start":{"line":934,"column":0},"end":{"line":934,"column":74}},"934":{"start":{"line":935,"column":0},"end":{"line":935,"column":70}},"935":{"start":{"line":936,"column":0},"end":{"line":936,"column":66}},"937":{"start":{"line":938,"column":0},"end":{"line":938,"column":101}},"938":{"start":{"line":939,"column":0},"end":{"line":939,"column":136}},"939":{"start":{"line":940,"column":0},"end":{"line":940,"column":129}},"940":{"start":{"line":941,"column":0},"end":{"line":941,"column":128}},"941":{"start":{"line":942,"column":0},"end":{"line":942,"column":72}},"942":{"start":{"line":943,"column":0},"end":{"line":943,"column":139}},"943":{"start":{"line":944,"column":0},"end":{"line":944,"column":70}},"944":{"start":{"line":945,"column":0},"end":{"line":945,"column":66}},"945":{"start":{"line":946,"column":0},"end":{"line":946,"column":62}},"946":{"start":{"line":947,"column":0},"end":{"line":947,"column":58}},"948":{"start":{"line":949,"column":0},"end":{"line":949,"column":47}},"949":{"start":{"line":950,"column":0},"end":{"line":950,"column":46}},"950":{"start":{"line":951,"column":0},"end":{"line":951,"column":42}},"952":{"start":{"line":953,"column":0},"end":{"line":953,"column":34}},"953":{"start":{"line":954,"column":0},"end":{"line":954,"column":30}},"954":{"start":{"line":955,"column":0},"end":{"line":955,"column":26}},"956":{"start":{"line":957,"column":0},"end":{"line":957,"column":18}},"957":{"start":{"line":958,"column":0},"end":{"line":958,"column":14}},"959":{"start":{"line":960,"column":0},"end":{"line":960,"column":2}},"961":{"start":{"line":962,"column":0},"end":{"line":962,"column":21}}},"s":{"0":1,"1":1,"2":1,"3":1,"56":1,"57":0,"58":0,"59":0,"60":0,"61":0,"62":0,"63":0,"64":0,"65":0,"66":0,"69":0,"70":0,"71":0,"78":0,"80":0,"81":0,"83":0,"84":0,"85":0,"86":0,"88":0,"89":0,"90":0,"91":0,"92":0,"93":0,"94":0,"96":0,"97":0,"98":0,"99":0,"100":0,"102":0,"103":0,"104":0,"105":0,"106":0,"107":0,"108":0,"109":0,"110":0,"112":0,"113":0,"114":0,"115":0,"116":0,"117":0,"118":0,"119":0,"121":0,"122":0,"123":0,"124":0,"125":0,"126":0,"127":0,"128":0,"129":0,"130":0,"132":0,"133":0,"134":0,"135":0,"136":0,"137":0,"138":0,"139":0,"140":0,"141":0,"142":0,"143":0,"145":0,"146":0,"147":0,"148":0,"149":0,"150":0,"151":0,"153":0,"154":0,"155":0,"156":0,"159":0,"160":0,"161":0,"162":0,"163":0,"166":0,"167":0,"168":0,"169":0,"170":0,"171":0,"173":0,"174":0,"175":0,"176":0,"177":0,"178":0,"179":0,"181":0,"182":0,"183":0,"184":0,"187":0,"188":0,"189":0,"190":0,"191":0,"193":0,"194":0,"195":0,"196":0,"197":0,"198":0,"200":0,"201":0,"202":0,"203":0,"205":0,"206":0,"207":0,"208":0,"211":0,"212":0,"213":0,"214":0,"215":0,"216":0,"217":0,"218":0,"220":0,"221":0,"222":0,"223":0,"224":0,"225":0,"226":0,"227":0,"229":0,"230":0,"231":0,"232":0,"233":0,"234":0,"235":0,"236":0,"238":0,"239":0,"240":0,"241":0,"242":0,"243":0,"244":0,"245":0,"247":0,"248":0,"249":0,"250":0,"251":0,"253":0,"254":0,"256":0,"257":0,"258":0,"259":0,"261":0,"262":0,"265":0,"266":0,"267":0,"269":0,"270":0,"271":0,"272":0,"273":0,"274":0,"275":0,"276":0,"277":0,"278":0,"279":0,"280":0,"281":0,"283":0,"284":0,"285":0,"287":0,"288":0,"289":0,"290":0,"291":0,"292":0,"293":0,"294":0,"295":0,"296":0,"297":0,"298":0,"299":0,"301":0,"302":0,"303":0,"304":0,"305":0,"306":0,"307":0,"308":0,"309":0,"311":0,"312":0,"313":0,"315":0,"316":0,"317":0,"318":0,"319":0,"322":0,"323":0,"324":0,"325":0,"326":0,"328":0,"329":0,"330":0,"331":0,"332":0,"333":0,"334":0,"335":0,"336":0,"337":0,"338":0,"340":0,"341":0,"343":0,"344":0,"345":0,"346":0,"348":0,"349":0,"350":0,"351":0,"352":0,"353":0,"354":0,"355":0,"357":0,"358":0,"359":0,"361":0,"363":0,"364":0,"365":0,"367":0,"368":0,"369":0,"370":0,"371":0,"372":0,"373":0,"374":0,"375":0,"377":0,"378":0,"379":0,"380":0,"381":0,"382":0,"383":0,"384":0,"386":0,"387":0,"388":0,"389":0,"390":0,"392":0,"393":0,"394":0,"395":0,"396":0,"399":0,"400":0,"401":0,"403":0,"404":0,"405":0,"406":0,"409":0,"410":0,"411":0,"412":0,"413":0,"414":0,"415":0,"416":0,"417":0,"418":0,"419":0,"420":0,"422":0,"423":0,"424":0,"425":0,"426":0,"428":0,"429":0,"430":0,"431":0,"432":0,"433":0,"434":0,"436":0,"437":0,"438":0,"439":0,"440":0,"443":0,"444":0,"445":0,"447":0,"449":0,"450":0,"451":0,"452":0,"453":0,"455":0,"456":0,"457":0,"458":0,"460":0,"461":0,"462":0,"463":0,"464":0,"466":0,"467":0,"468":0,"469":0,"470":0,"471":0,"472":0,"473":0,"474":0,"477":0,"478":0,"479":0,"480":0,"481":0,"482":0,"483":0,"484":0,"485":0,"486":0,"487":0,"489":0,"491":0,"492":0,"493":0,"494":0,"495":0,"496":0,"497":0,"498":0,"499":0,"500":0,"502":0,"504":0,"505":0,"506":0,"507":0,"508":0,"509":0,"510":0,"512":0,"514":0,"515":0,"518":0,"519":0,"520":0,"521":0,"522":0,"524":0,"525":0,"526":0,"527":0,"528":0,"530":0,"532":0,"533":0,"535":0,"536":0,"537":0,"538":0,"540":0,"541":0,"542":0,"543":0,"544":0,"545":0,"546":0,"547":0,"548":0,"549":0,"550":0,"551":0,"552":0,"553":0,"554":0,"555":0,"556":0,"557":0,"558":0,"559":0,"560":0,"561":0,"562":0,"563":0,"564":0,"565":0,"566":0,"567":0,"568":0,"569":0,"570":0,"571":0,"573":0,"574":0,"575":0,"576":0,"577":0,"578":0,"580":0,"581":0,"582":0,"583":0,"584":0,"585":0,"586":0,"587":0,"589":0,"59
[...]
"line":552,"column":0},"end":{"line":552,"column":14}},"553":{"start":{"line":554,"column":0},"end":{"line":554,"column":2}},"555":{"start":{"line":556,"column":0},"end":{"line":556,"column":26}}},"s":{"0":1,"1":1,"2":1,"3":1,"6":1,"7":0,"8":0,"9":0,"11":0,"12":0,"13":0,"14":0,"15":0,"16":0,"17":0,"18":0,"19":0,"20":0,"21":0,"24":0,"25":0,"26":0,"27":0,"28":0,"29":0,"30":0,"32":0,"33":0,"34":0,"35":0,"36":0,"37":0,"38":0,"39":0,"40":0,"41":0,"42":0,"43":0,"45":0,"46":0,"48":0,"49":0,"50":0,"51":0,"52":0,"53":0,"54":0,"55":0,"56":0,"60":0,"61":0,"62":0,"63":0,"64":0,"65":0,"66":0,"69":0,"70":0,"71":0,"72":0,"73":0,"74":0,"75":0,"76":0,"77":0,"80":0,"81":0,"82":0,"83":0,"84":0,"87":0,"88":0,"89":0,"90":0,"91":0,"92":0,"93":0,"94":0,"95":0,"96":0,"97":0,"98":0,"100":0,"101":0,"102":0,"104":0,"105":0,"107":0,"108":0,"109":0,"110":0,"111":0,"112":0,"113":0,"114":0,"115":0,"116":0,"117":0,"118":0,"120":0,"121":0,"122":0,"123":0,"124":0,"125":0,"126":0,"127":0,"128":0,"129":0,"130":0,"131":0,"133":0,"134":0,"137":0,"138":0,"139":0,"140":0,"141":0,"142":0,"143":0,"144":0,"145":0,"147":0,"148":0,"149":0,"150":0,"151":0,"152":0,"153":0,"154":0,"155":0,"157":0,"159":0,"160":0,"161":0,"162":0,"164":0,"165":0,"166":0,"167":0,"168":0,"169":0,"172":0,"173":0,"174":0,"175":0,"176":0,"178":0,"180":0,"181":0,"182":0,"184":0,"186":0,"187":0,"190":0,"191":0,"192":0,"193":0,"194":0,"197":0,"198":0,"200":0,"201":0,"202":0,"203":0,"204":0,"205":0,"206":0,"207":0,"210":0,"211":0,"212":0,"213":0,"214":0,"215":0,"216":0,"217":0,"218":0,"220":0,"221":0,"222":0,"224":0,"225":0,"226":0,"227":0,"228":0,"229":0,"230":0,"231":0,"232":0,"233":0,"234":0,"235":0,"237":0,"238":0,"239":0,"240":0,"241":0,"243":0,"244":0,"245":0,"246":0,"247":0,"248":0,"249":0,"250":0,"251":0,"252":0,"253":0,"255":0,"256":0,"257":0,"258":0,"259":0,"261":0,"262":0,"263":0,"264":0,"265":0,"266":0,"267":0,"268":0,"269":0,"271":0,"273":0,"274":0,"275":0,"276":0,"277":0,"279":0,"280":0,"281":0,"282":0,"284":0,"285":0,"286":0,"287":0,"288":0,"289":0,"291":0,"293":0,"297":0,"298":0,"299":0,"301":0,"302":0,"303":0,"304":0,"306":0,"307":0,"308":0,"309":0,"310":0,"311":0,"312":0,"313":0,"314":0,"315":0,"316":0,"317":0,"318":0,"319":0,"320":0,"322":0,"323":0,"324":0,"325":0,"326":0,"327":0,"329":0,"330":0,"331":0,"332":0,"333":0,"334":0,"335":0,"336":0,"337":0,"338":0,"339":0,"340":0,"341":0,"343":0,"344":0,"345":0,"347":0,"349":0,"350":0,"352":0,"354":0,"355":0,"356":0,"357":0,"359":0,"360":0,"361":0,"362":0,"364":0,"365":0,"366":0,"367":0,"368":0,"369":0,"370":0,"371":0,"372":0,"373":0,"374":0,"376":0,"377":0,"378":0,"379":0,"380":0,"381":0,"382":0,"383":0,"384":0,"385":0,"387":0,"388":0,"389":0,"390":0,"391":0,"392":0,"396":0,"397":0,"398":0,"399":0,"400":0,"401":0,"402":0,"403":0,"404":0,"405":0,"406":0,"407":0,"408":0,"409":0,"410":0,"411":0,"412":0,"413":0,"414":0,"415":0,"416":0,"417":0,"418":0,"419":0,"420":0,"422":0,"423":0,"424":0,"425":0,"426":0,"427":0,"428":0,"430":0,"431":0,"432":0,"433":0,"434":0,"435":0,"436":0,"437":0,"438":0,"439":0,"440":0,"441":0,"442":0,"444":0,"445":0,"446":0,"447":0,"449":0,"450":0,"451":0,"452":0,"453":0,"454":0,"455":0,"456":0,"457":0,"458":0,"459":0,"460":0,"461":0,"462":0,"463":0,"464":0,"465":0,"466":0,"467":0,"468":0,"469":0,"470":0,"472":0,"474":0,"475":0,"476":0,"477":0,"478":0,"479":0,"480":0,"481":0,"483":0,"484":0,"486":0,"487":0,"489":0,"490":0,"492":0,"493":0,"495":0,"496":0,"497":0,"498":0,"499":0,"500":0,"501":0,"502":0,"503":0,"504":0,"505":0,"506":0,"507":0,"508":0,"509":0,"510":0,"511":0,"512":0,"513":0,"514":0,"515":0,"516":0,"517":0,"518":0,"519":0,"520":0,"521":0,"522":0,"523":0,"524":0,"526":0,"527":0,"528":0,"529":0,"531":0,"532":0,"533":0,"534":0,"535":0,"536":0,"537":0,"538":0,"539":0,"540":0,"541":0,"542":0,"543":0,"544":0,"545":0,"547":0,"550":0,"551":0,"553":0,"555":1},"branchMap":{},"b":{},"fnMap":{"0":{"name":"MapperNews","decl":{"start":{"line":7,"column":29},"end":{"line":554,"column":2}},"loc":{"start":{"line":7,"column":29},"end":{"line":554,"column":2}},"line":7}},"f":{"0":0}}
,"D:\\REPO\\records_w_aws_free\\frontend\\src\\pages\\Register.tsx": {"path":"D:\\REPO\\records_w_aws_free\\frontend\\src\\pages\\Register.tsx","all":false,"statementMap":{"0":{"start":{"line":1,"column":0},"end":{"line":1,"column":40}},"1":{"start":{"line":2,"column":0},"end":{"line":2,"column":53}},"2":{"start":{"line":3,"column":0},"end":{"line":3,"column":54}},"3":{"start":{"line":4,"column":0},"end":{"line":4,"column":32}},"5":{"start":{"line":6,"column":0},"end":{"line":6,"column":34}},"6":{"start":{"line":7,"column":0},"end":{"line":7,"column":43}},"7":{"start":{"line":8,"column":0},"end":{"line":8,"column":49}},"8":{"start":{"line":9,"column":0},"end":{"line":9,"column":59}},"9":{"start":{"line":10,"column":0},"end":{"line":10,"column":67}},"10":{"start":{"line":11,"column":0},"end":{"line":11,"column":65}},"11":{"start":{"line":12,"column":0},"end":{"line":12,"column":43}},"13":{"start":{"line":14,"column":0},"end":{"line":14,"column":35}},"15":{"start":{"line":16,"column":0},"end":{"line":16,"column":58}},"16":{"start":{"line":17,"column":0},"end":{"line":17,"column":27}},"17":{"start":{"line":18,"column":0},"end":{"line":18,"column":32}},"18":{"start":{"line":19,"column":0},"end":{"line":19,"column":61}},"19":{"start":{"line":20,"column":0},"end":{"line":20,"column":19}},"20":{"start":{"line":21,"column":0},"end":{"line":21,"column":9}},"22":{"start":{"line":23,"column":0},"end":{"line":23,"column":13}},"23":{"start":{"line":24,"column":0},"end":{"line":24,"column":60}},"24":{"start":{"line":25,"column":0},"end":{"line":25,"column":22}},"25":{"start":{"line":26,"column":0},"end":{"line":26,"column":25}},"26":{"start":{"line":27,"column":0},"end":{"line":27,"column":42}},"27":{"start":{"line":28,"column":0},"end":{"line":28,"column":15}},"28":{"start":{"line":29,"column":0},"end":{"line":29,"column":31}},"29":{"start":{"line":30,"column":0},"end":{"line":30,"column":32}},"30":{"start":{"line":31,"column":0},"end":{"line":31,"column":122}},"31":{"start":{"line":32,"column":0},"end":{"line":32,"column":26}},"32":{"start":{"line":33,"column":0},"end":{"line":33,"column":9}},"33":{"start":{"line":34,"column":0},"end":{"line":34,"column":6}},"35":{"start":{"line":36,"column":0},"end":{"line":36,"column":46}},"36":{"start":{"line":37,"column":0},"end":{"line":37,"column":13}},"37":{"start":{"line":38,"column":0},"end":{"line":38,"column":44}},"38":{"start":{"line":39,"column":0},"end":{"line":39,"column":64}},"39":{"start":{"line":40,"column":0},"end":{"line":40,"column":14}},"40":{"start":{"line":41,"column":0},"end":{"line":41,"column":75}},"41":{"start":{"line":42,"column":0},"end":{"line":42,"column":17}},"42":{"start":{"line":43,"column":0},"end":{"line":43,"column":32}},"43":{"start":{"line":44,"column":0},"end":{"line":44,"column":9}},"44":{"start":{"line":45,"column":0},"end":{"line":45,"column":6}},"46":{"start":{"line":47,"column":0},"end":{"line":47,"column":12}},"47":{"start":{"line":48,"column":0},"end":{"line":48,"column":75}},"48":{"start":{"line":49,"column":0},"end":{"line":49,"column":45}},"49":{"start":{"line":50,"column":0},"end":{"line":50,"column":57}},"51":{"start":{"line":52,"column":0},"end":{"line":52,"column":75}},"52":{"start":{"line":53,"column":0},"end":{"line":53,"column":120}},"53":{"start":{"line":54,"column":0},"end":{"line":54,"column":71}},"54":{"start":{"line":55,"column":0},"end":{"line":55,"column":30}},"55":{"start":{"line":56,"column":0},"end":{"line":56,"column":26}},"57":{"start":{"line":58,"column":0},"end":{"line":58,"column":60}},"58":{"start":{"line":59,"column":0},"end":{"line":59,"column":122}},"60":{"start":{"line":61,"column":0},"end":{"line":61,"column":31}},"61":{"start":{"line":62,"column":0},"end":{"line":62,"column":25}},"62":{"start":{"line":63,"column":0},"end":{"line":63,"column":62}},"64":{"start":{"line":65,"column":0},"end":{"line":65,"column":24}},"66":{"start":{"line":67,"column":0},"end":{"line":67,"column":74}},"67":{"start":{"line":68,"column":0},"end":{"line":68,"column":51}},"68":{"start":{"line":69,"column":0},"end":{"line":69,"column":33}},"69":{"start":{"line":70,"column":0},"end":{"line":70,"column":38}},"70":{"start":{"line":71,"column":0},"end":{"line":71,"column":48}},"71":{"start":{"line":72,"column":0},"end":{"line":72,"column":55}},"72":{"start":{"line":73,"column":0},"end":{"line":73,"column":49}},"73":{"start":{"line":74,"column":0},"end":{"line":74,"column":76}},"74":{"start":{"line":75,"column":0},"end":{"line":75,"column":44}},"75":{"start":{"line":76,"column":0},"end":{"line":76,"column":254}},"76":{"start":{"line":77,"column":0},"end":{"line":77,"column":34}},"77":{"start":{"line":78,"column":0},"end":{"line":78,"column":34}},"79":{"start":{"line":80,"column":0},"end":{"line":80,"column":33}},"80":{"start":{"line":81,"column":0},"end":{"line":81,"column":38}},"81":{"start":{"line":82,"column":0},"end":{"line":82,"column":51}},"82":{"start":{"line":83,"column":0},"end":{"line":83,"column":58}},"83":{"start":{"line":84,"column":0},"end":{"line":84,"column":52}},"84":{"start":{"line":85,"column":0},"end":{"line":85,"column":79}},"85":{"start":{"line":86,"column":0},"end":{"line":86,"column":44}},"86":{"start":{"line":87,"column":0},"end":{"line":87,"column":254}},"87":{"start":{"line":88,"column":0},"end":{"line":88,"column":34}},"88":{"start":{"line":89,"column":0},"end":{"line":89,"column":34}},"90":{"start":{"line":91,"column":0},"end":{"line":91,"column":55}},"91":{"start":{"line":92,"column":0},"end":{"line":92,"column":60}},"92":{"start":{"line":93,"column":0},"end":{"line":93,"column":42}},"93":{"start":{"line":94,"column":0},"end":{"line":94,"column":51}},"94":{"start":{"line":95,"column":0},"end":{"line":95,"column":80}},"95":{"start":{"line":96,"column":0},"end":{"line":96,"column":61}},"96":{"start":{"line":97,"column":0},"end":{"line":97,"column":88}},"97":{"start":{"line":98,"column":0},"end":{"line":98,"column":258}},"98":{"start":{"line":99,"column":0},"end":{"line":99,"column":38}},"99":{"start":{"line":100,"column":0},"end":{"line":100,"column":43}},"100":{"start":{"line":101,"column":0},"end":{"line":101,"column":53}},"101":{"start":{"line":102,"column":0},"end":{"line":102,"column":70}},"102":{"start":{"line":103,"column":0},"end":{"line":103,"column":226}},"104":{"start":{"line":105,"column":0},"end":{"line":105,"column":70}},"105":{"start":{"line":106,"column":0},"end":{"line":106,"column":45}},"106":{"start":{"line":107,"column":0},"end":{"line":107,"column":38}},"108":{"start":{"line":109,"column":0},"end":{"line":109,"column":61}},"109":{"start":{"line":110,"column":0},"end":{"line":110,"column":88}},"110":{"start":{"line":111,"column":0},"end":{"line":111,"column":69}},"111":{"start":{"line":112,"column":0},"end":{"line":112,"column":51}},"112":{"start":{"line":113,"column":0},"end":{"line":113,"column":58}},"113":{"start":{"line":114,"column":0},"end":{"line":114,"column":61}},"114":{"start":{"line":115,"column":0},"end":{"line":115,"column":89}},"115":{"start":{"line":116,"column":0},"end":{"line":116,"column":147}},"116":{"start":{"line":117,"column":0},"end":{"line":117,"column":149}},"117":{"start":{"line":118,"column":0},"end":{"line":118,"column":98}},"118":{"start":{"line":119,"column":0},"end":{"line":119,"column":55}},"120":{"start":{"line":121,"column":0},"end":{"line":121,"column":88}},"121":{"start":{"line":122,"column":0},"end":{"line":122,"column":54}},"122":{"start":{"line":123,"column":0},"end":{"line":123,"column":53}},"123":{"start":{"line":124,"column":0},"end":{"line":124,"column":43}},"124":{"start":{"line":125,"column":0},"end":{"line":125,"column":42}},"127":{"start":{"line":128,"column":0},"end":{"line":128,"column":54}},"128":{"start":{"line":129,"column":0},"end":{"line":129,"column":166}},"129":{"start":{"line":130,"column":0},"end":{"line":130,"column":85}},"130":{"start":{"line":131,"column":0},"end":{"line":131,"column":100}},"131":{"start":{"line":132,"column":0},"end":{"line":132,"column":44}},"132":{"start":{"line":133,"column":0},"end":{"line":133,"column":42}},"134":{"start":{"line":135,"column":0},"end":{"line":135,"column":34}},"135":{"start":{"line":136,"column":0},"end":{"line":136,"column":30}},"137":{"start":{"line":138,"column":0},"end":{"line":138,"column":35}},"138":{"start":{"line":139,"column":0},"end":{"line":139,"column":107}},"139":{"start":{"line":140,"column":0},"end":{"line":140,"column":83}},"140":{"start":{"line":141,"column":0},"end":{"line":141,"column":34}},"143":{"start":{"line":144,"column":0},"end":{"line":144,"column":31}},"144":{"start":{"line":145,"column":0},"end":{"line":145,"column":41}},"145":{"start":{"line":146,"column":0},"end":{"line":146,"column":89}},"146":{"start":{"line":147,"column":0},"end":{"line":147,"column":25}},"148":{"start":{"line":149,"column":0},"end":{"line":149,"column":33}},"149":{"start":{"line":150,"column":0},"end":{"line":150,"column":27}},"151":{"start":{"line":152,"column":0},"end":{"line":152,"column":54}},"152":{"start":{"line":153,"column":0},"end":{"line":153,"column":61}},"153":{"start":{"line":154,"column":0},"end":{"line":154,"column":57}},"154":{"start":{"line":155,"column":0},"end":{"line":155,"column":33}},"155":{"start":{"line":156,"column":0},"end":{"line":156,"column":43}},"156":{"start":{"line":157,"column":0},"end":{"line":157,"column":125}},"157":{"start":{"line":158,"column":0},"end":{"line":158,"column":29}},"159":{"start":{"line":160,"column":0},"end":{"line":160,"column":35}},"160":{"start":{"line":161,"column":0},"end":{"line":161,"column":28}},"161":{"start":{"line":162,"column":0},"end":{"line":162,"column":26}},"162":{"start":{"line":163,"column":0},"end":{"line":163,"column":22}},"163":{"start":{"line":164,"column":0},"end":{"line":164,"column":18}},"164":{"start":{"line":165,"column":0},"end":{"line":165,"column":14}},"166":{"start":{"line":167,"column":0},"end":{"line":167,"column":2}},"168":{"start":{"line":169,"column":0},"end":{"line":169,"column":24}}},"s":{"0":1,"1":1,"2":1,"3":1,"5":1,"6":0,"7":0,"8":0,"9":0,"10":0,"11":0,"13":0,"15":0,"16":0,"17":0,"18":0,"19":0,"20":0,"22":0,"23":0,"24":0,"25":0,"26":0,"27":0,"28":0,"29":0,"30":0,"31":0,"32":0,"33":0,"35":0,"36":0,"37":0,"38":0,"39":0,"40":0,"41":0,"42":0,"43":0,"44":0,"46":0,"47":0,"48":0,"49":0,"51":0,"52":0,"53":0,"54":0,"55":0,"57":0,"58":0,"60":0,"61":0,"62":0,"64":0,"66":0,"67":0,"68":0,"69":0,"70":0,"71":0,"72":0,"73":0,"74":0,"75":0,"76":0,"77":0,"79":0,"80":0,"81":0,"82":0,"83":0,"84":0,"85":0,"86":0,"87":0,"88":0,"90":0,"91":0,"92":0,"93":0,"94":0,"95":0,"96":0,"97":0,"98":0,"99":0,"100":0,"101":0,"102":0,"104":0,"105":0,"106":0,"108":0,"109":0,"110":0,"111":0,"112":0,"113":0,"114":0,"115":0,"116":0,"117":0,"118":0,"120":0,"121":0,"122":0,"123":0,"124":0,"127":0,"128":0,"129":0,"130":0,"131":0,"132":0,"134":0,"135":0,"137":0,"138":0,"139":0,"140":0,"143":0,"144":0,"145":0,"146":0,"148":0,"149":0,"151":0,"152":0,"153":0,"154":0,"155":0,"156":0,"157":0,"159":0,"160":0,"161":0,"162":0,"163":0,"164":0,"166":0,"168":1},"branchMap":{},"b":{},"fnMap":{"0":{"name":"Register","decl":{"start":{"line":6,"column":27},"end":{"line":167,"column":2}},"loc":{"start":{"line":6,"column":27},"end":{"line":167,"column":2}},"line":6}},"f":{"0":0}}
,"D:\\REPO\\records_w_aws_free\\frontend\\src\\utils\\statusUtils.ts": {"path":"D:\\REPO\\records_w_aws_free\\frontend\\src\\utils\\statusUtils.ts","all":true,"statementMap":{"8":{"start":{"line":9,"column":0},"end":{"line":9,"column":59}},"9":{"start":{"line":10,"column":0},"end":{"line":10,"column":47}},"10":{"start":{"line":11,"column":0},"end":{"line":11,"column":34}},"11":{"start":{"line":12,"column":0},"end":{"line":12,"column":34}},"12":{"start":{"line":13,"column":0},"end":{"line":13,"column":29}},"13":{"start":{"line":14,"column":0},"end":{"line":14,"column":6}},"14":{"start":{"line":15,"column":0},"end":{"line":15,"column":49}},"15":{"start":{"line":16,"column":0},"end":{"line":16,"column":2}},"20":{"start":{"line":21,"column":0},"end":{"line":21,"column":63}},"21":{"start":{"line":22,"column":0},"end":{"line":22,"column":45}},"22":{"start":{"line":23,"column":0},"end":{"line":23,"column":39}},"23":{"start":{"line":24,"column":0},"end":{"line":24,"column":39}},"24":{"start":{"line":25,"column":0},"end":{"line":25,"column":34}},"25":{"start":{"line":26,"column":0},"end":{"line":26,"column":6}},"26":{"start":{"line":27,"column":0},"end":{"line":27,"column":52}},"27":{"start":{"line":28,"column":0},"end":{"line":28,"column":2}},"32":{"start":{"line":33,"column":0},"end":{"line":33,"column":71}},"33":{"start":{"line":34,"column":0},"end":{"line":34,"column":53}},"34":{"start":{"line":35,"column":0},"end":{"line":35,"column":34}},"35":{"start":{"line":36,"column":0},"end":{"line":36,"column":50}},"36":{"start":{"line":37,"column":0},"end":{"line":37,"column":55}},"37":{"start":{"line":38,"column":0},"end":{"line":38,"column":6}},"38":{"start":{"line":39,"column":0},"end":{"line":39,"column":61}},"39":{"start":{"line":40,"column":0},"end":{"line":40,"column":2}},"44":{"start":{"line":45,"column":0},"end":{"line":45,"column":69}},"45":{"start":{"line":46,"column":0},"end":{"line":46,"column":45}},"46":{"start":{"line":47,"column":0},"end":{"line":47,"column":39}},"47":{"start":{"line":48,"column":0},"end":{"line":48,"column":55}},"48":{"start":{"line":49,"column":0},"end":{"line":49,"column":60}},"49":{"start":{"line":50,"column":0},"end":{"line":50,"column":6}},"50":{"start":{"line":51,"column":0},"end":{"line":51,"column":58}},"51":{"start":{"line":52,"column":0},"end":{"line":52,"column":2}},"56":{"start":{"line":57,"column":0},"end":{"line":57,"column":55}},"57":{"start":{"line":58,"column":0},"end":{"line":58,"column":49}},"60":{"start":{"line":61,"column":0},"end":{"line":61,"column":45}},"61":{"start":{"line":62,"column":0},"end":{"line":62,"column":31}},"62":{"start":{"line":63,"column":0},"end":{"line":63,"column":33}},"63":{"start":{"line":64,"column":0},"end":{"line":64,"column":24}},"64":{"start":{"line":65,"column":0},"end":{"line":65,"column":6}},"66":{"start":{"line":67,"column":0},"end":{"line":67,"column":12}},"67":{"start":{"line":68,"column":0},"end":{"line":68,"column":45}},"68":{"start":{"line":69,"column":0},"end":{"line":69,"column":41}},"69":{"start":{"line":70,"column":0},"end":{"line":70,"column":6}},"70":{"start":{"line":71,"column":0},"end":{"line":71,"column":2}},"75":{"start":{"line":76,"column":0},"end":{"line":76,"column":61}},"76":{"start":{"line":77,"column":0},"end":{"line":77,"column":55}},"79":{"start":{"line":80,"column":0},"end":{"line":80,"column":45}},"80":{"start":{"line":81,"column":0},"end":{"line":81,"column":28}},"81":{"start":{"line":82,"column":0},"end":{"line":82,"column":34}},"82":{"start":{"line":83,"column":0},"end":{"line":83,"column":6}},"84":{"start":{"line":85,"column":0},"end":{"line":85,"column":12}},"85":{"start":{"line":86,"column":0},"end":{"line":86,"column":45}},"86":{"start":{"line":87,"column":0},"end":{"line":87,"column":41}},"87":{"start":{"line":88,"column":0},"end":{"line":88,"column":6}},"88":{"start":{"line":89,"column":0},"end":{"line":89,"column":2}}},"s":{"8":0,"9":0,"10":0,"11":0,"12":0,"13":0,"14":0,"15":0,"20":0,"21":0,"22":0,"23":0,"24":0,"25":0,"26":0,"27":0,"32":0,"33":0,"34":0,"35":0,"36":0,"37":0,"38":0,"39":0,"44":0,"45":0,"46":0,"47":0,"48":0,"49":0,"50":0,"51":0,"56":0,"57":0,"60":0,"61":0,"62":0,"63":0,"64":0,"66":0,"67":0,"68":0,"69":0,"70":0,"75":0,"76":0,"79":0,"80":0,"81":0,"82":0,"84":0,"85":0,"86":0,"87":0,"88":0},"branchMap":{"0":{"type":"branch","line":1,"loc":{"start":{"line":1,"column":2672},"end":{"line":89,"column":2}},"locations":[{"start":{"line":1,"column":2672},"end":{"line":89,"column":2}}]}},"b":{"0":[1]},"fnMap":{"0":{"name":"(empty-report)","decl":{"start":{"line":1,"column":2672},"end":{"line":89,"column":2}},"loc":{"start":{"line":1,"column":2672},"end":{"line":89,"column":2}},"line":1}},"f":{"0":1}}
}
